

Started GET "/" for 127.0.0.1 at 2014-05-17 15:34:29 +0200
Processing by HomeController#index as HTML
  Rendered home/index.html.erb within layouts/application (3934.9ms)
Completed 200 OK in 6767ms (Views: 5796.6ms | ActiveRecord: 0.0ms)


Started GET "/movies/187596" for 127.0.0.1 at 2014-05-17 15:34:45 +0200
Processing by MoviesController#show as HTML
  Parameters: {"id"=>"187596"}
  Rendered movies/show.html.erb within layouts/application (7097.2ms)
Completed 200 OK in 8730ms (Views: 7110.5ms | ActiveRecord: 0.0ms)


Started GET "/movies/187596" for 127.0.0.1 at 2014-05-17 15:34:54 +0200
Processing by MoviesController#show as HTML
  Parameters: {"id"=>"187596"}
  Rendered movies/show.html.erb within layouts/application (6350.8ms)
Completed 200 OK in 7925ms (Views: 6364.2ms | ActiveRecord: 0.0ms)


Started GET "/movies/124905" for 127.0.0.1 at 2014-05-17 15:35:02 +0200
Processing by MoviesController#show as HTML
  Parameters: {"id"=>"124905"}
  Rendered movies/show.html.erb within layouts/application (8511.1ms)
Completed 200 OK in 10040ms (Views: 8527.1ms | ActiveRecord: 0.0ms)


Started GET "/movies/124905" for 127.0.0.1 at 2014-05-17 15:35:12 +0200
Processing by MoviesController#show as HTML
  Parameters: {"id"=>"124905"}
  Rendered movies/show.html.erb within layouts/application (7851.0ms)
Completed 200 OK in 9593ms (Views: 7868.6ms | ActiveRecord: 0.0ms)


Started GET "/movies/187596" for 127.0.0.1 at 2014-05-17 15:35:28 +0200
Processing by MoviesController#show as HTML
  Parameters: {"id"=>"187596"}
  Rendered movies/show.html.erb within layouts/application (5865.0ms)
Completed 200 OK in 7393ms (Views: 5878.5ms | ActiveRecord: 0.0ms)


Started GET "/" for 127.0.0.1 at 2014-05-17 15:35:46 +0200
Processing by HomeController#index as HTML
  Rendered home/index.html.erb within layouts/application (4469.4ms)
Completed 200 OK in 4828ms (Views: 4489.8ms | ActiveRecord: 0.0ms)


Started GET "/movies/195589" for 127.0.0.1 at 2014-05-17 15:35:53 +0200
Processing by MoviesController#show as HTML
  Parameters: {"id"=>"195589"}
  Rendered movies/show.html.erb within layouts/application (5869.6ms)
Completed 200 OK in 7479ms (Views: 5881.5ms | ActiveRecord: 0.0ms)


Started GET "/search?utf8=%E2%9C%93&query=ble" for 127.0.0.1 at 2014-05-17 15:36:07 +0200
Processing by SearchController#index as HTML
  Parameters: {"utf8"=>"✓", "query"=>"ble"}
  Rendered search/index.html.erb within layouts/application (5.0ms)
Completed 500 Internal Server Error in 307ms

ActionView::Template::Error (undefined method `strftime' for nil:NilClass):
    17: 	<% @movie.each do |movie| %>
    18: 	<div class="posts">
    19:         <h1 class="content-subhead">  
    20:           <%= link_to movie.title, movie_path(movie.id) %> (<%= movie.release_date.to_date.strftime("%Y") %>)
    21:         </h1>
    22:         <section class="post">
    23:           <div class="post-description">
  app/views/search/index.html.erb:20:in `block in _app_views_search_index_html_erb___610971665_94564710'
  app/views/search/index.html.erb:17:in `each'
  app/views/search/index.html.erb:17:in `_app_views_search_index_html_erb___610971665_94564710'


  Rendered /usr/local/rvm/gems/ruby-2.1.1/gems/actionpack-4.1.0/lib/action_dispatch/middleware/templates/rescues/_trace.html.erb (1.7ms)
  Rendered /usr/local/rvm/gems/ruby-2.1.1/gems/actionpack-4.1.0/lib/action_dispatch/middleware/templates/rescues/_request_and_response.html.erb (1.4ms)
  Rendered /usr/local/rvm/gems/ruby-2.1.1/gems/actionpack-4.1.0/lib/action_dispatch/middleware/templates/rescues/template_error.html.erb within rescues/layout (19.8ms)


Started GET "/" for 127.0.0.1 at 2014-05-18 13:50:44 +0200
Processing by HomeController#index as HTML
  Rendered home/index.html.erb within layouts/application (4114.8ms)
Completed 200 OK in 4688ms (Views: 4252.0ms | ActiveRecord: 0.0ms)


Started GET "/movies/255278" for 127.0.0.1 at 2014-05-18 13:51:08 +0200
Processing by MoviesController#show as HTML
  Parameters: {"id"=>"255278"}
  Rendered movies/show.html.erb within layouts/application (3687.9ms)
Completed 200 OK in 5211ms (Views: 3704.3ms | ActiveRecord: 0.0ms)


Started GET "/movies/269358" for 127.0.0.1 at 2014-05-18 13:51:27 +0200
Processing by MoviesController#show as HTML
  Parameters: {"id"=>"269358"}
  Rendered movies/show.html.erb within layouts/application (611.4ms)
Completed 200 OK in 2690ms (Views: 626.8ms | ActiveRecord: 0.0ms)


Started GET "/movies/195589" for 127.0.0.1 at 2014-05-18 13:51:40 +0200
Processing by MoviesController#show as HTML
  Parameters: {"id"=>"195589"}
  Rendered movies/show.html.erb within layouts/application (5989.9ms)
Completed 200 OK in 7651ms (Views: 6001.3ms | ActiveRecord: 0.0ms)


Started GET "/movies/124905" for 127.0.0.1 at 2014-05-18 13:52:12 +0200
Processing by MoviesController#show as HTML
  Parameters: {"id"=>"124905"}
  Rendered movies/show.html.erb within layouts/application (9343.3ms)
Completed 200 OK in 11314ms (Views: 9355.6ms | ActiveRecord: 0.0ms)


Started GET "/movies/124905" for 127.0.0.1 at 2014-05-18 13:52:23 +0200
Processing by MoviesController#show as HTML
  Parameters: {"id"=>"124905"}
  Rendered movies/show.html.erb within layouts/application (9231.6ms)
Completed 200 OK in 10943ms (Views: 9246.4ms | ActiveRecord: 0.0ms)


Started GET "/movies/124905" for 127.0.0.1 at 2014-05-18 13:52:34 +0200
Processing by MoviesController#show as HTML
  Parameters: {"id"=>"124905"}
  Rendered movies/show.html.erb within layouts/application (9193.8ms)
Completed 200 OK in 11713ms (Views: 9213.3ms | ActiveRecord: 0.0ms)


Started GET "/movies/268321" for 127.0.0.1 at 2014-05-18 13:53:43 +0200
Processing by MoviesController#show as HTML
  Parameters: {"id"=>"268321"}
  Rendered movies/show.html.erb within layouts/application (5707.7ms)
Completed 200 OK in 8666ms (Views: 5720.3ms | ActiveRecord: 0.0ms)


Started GET "/" for 127.0.0.1 at 2014-05-18 14:29:48 +0200
Processing by HomeController#index as HTML
  Rendered home/index.html.erb within layouts/application (4173.5ms)
Completed 200 OK in 4609ms (Views: 4190.4ms | ActiveRecord: 0.0ms)


Started GET "/search?utf8=%E2%9C%93&query=iron+man" for 127.0.0.1 at 2014-05-18 14:29:58 +0200
Processing by SearchController#index as HTML
  Parameters: {"utf8"=>"✓", "query"=>"iron man"}
  Rendered search/index.html.erb within layouts/application (14775.9ms)
Completed 500 Internal Server Error in 15099ms

ActionView::Template::Error (undefined method `strftime' for nil:NilClass):
    17: 	<% @movie.each do |movie| %>
    18: 	<div class="posts">
    19:         <h1 class="content-subhead">  
    20:           <%= link_to movie.title, movie_path(movie.id) %> (<%= movie.release_date.to_date.strftime("%Y") %>)
    21:         </h1>
    22:         <section class="post">
    23:           <div class="post-description">
  app/views/search/index.html.erb:20:in `block in _app_views_search_index_html_erb__520804769_96764290'
  app/views/search/index.html.erb:17:in `each'
  app/views/search/index.html.erb:17:in `_app_views_search_index_html_erb__520804769_96764290'


  Rendered /usr/local/rvm/gems/ruby-2.1.1/gems/actionpack-4.1.0/lib/action_dispatch/middleware/templates/rescues/_trace.html.erb (1.9ms)
  Rendered /usr/local/rvm/gems/ruby-2.1.1/gems/actionpack-4.1.0/lib/action_dispatch/middleware/templates/rescues/_request_and_response.html.erb (5.6ms)
  Rendered /usr/local/rvm/gems/ruby-2.1.1/gems/actionpack-4.1.0/lib/action_dispatch/middleware/templates/rescues/template_error.html.erb within rescues/layout (25.9ms)


Started GET "/search?utf8=%E2%9C%93&query=iron+man+3" for 127.0.0.1 at 2014-05-18 14:30:20 +0200
Processing by SearchController#index as HTML
  Parameters: {"utf8"=>"✓", "query"=>"iron man 3"}
  Rendered search/index.html.erb within layouts/application (998.8ms)
Completed 200 OK in 1334ms (Views: 1016.5ms | ActiveRecord: 0.0ms)


Started GET "/movies/68721" for 127.0.0.1 at 2014-05-18 14:30:24 +0200
Processing by MoviesController#show as HTML
  Parameters: {"id"=>"68721"}
  Rendered movies/show.html.erb within layouts/application (16586.0ms)
Completed 200 OK in 18259ms (Views: 16602.5ms | ActiveRecord: 0.0ms)


Started GET "/" for 127.0.0.1 at 2014-05-18 14:49:00 +0200
Processing by HomeController#index as HTML
  Rendered home/index.html.erb within layouts/application (4884.4ms)
Completed 200 OK in 5491ms (Views: 4897.3ms | ActiveRecord: 0.0ms)


Started GET "/movies/268321" for 127.0.0.1 at 2014-05-18 14:49:07 +0200
Processing by MoviesController#show as HTML
  Parameters: {"id"=>"268321"}
  Rendered movies/show.html.erb within layouts/application (6405.1ms)
Completed 200 OK in 8422ms (Views: 6427.1ms | ActiveRecord: 0.0ms)


Started GET "/" for 127.0.0.1 at 2014-05-18 15:24:20 +0200
Processing by HomeController#index as HTML
  Rendered home/index.html.erb within layouts/application (3922.1ms)
Completed 200 OK in 4299ms (Views: 3938.5ms | ActiveRecord: 0.0ms)


Started GET "/search?utf8=%E2%9C%93&query=iron+man+3" for 127.0.0.1 at 2014-05-18 15:24:32 +0200
Processing by SearchController#index as HTML
  Parameters: {"utf8"=>"✓", "query"=>"iron man 3"}
  Rendered search/index.html.erb within layouts/application (929.6ms)
Completed 200 OK in 1279ms (Views: 948.4ms | ActiveRecord: 0.0ms)


Started GET "/movies/68721" for 127.0.0.1 at 2014-05-18 15:25:02 +0200
Processing by MoviesController#show as HTML
  Parameters: {"id"=>"68721"}
  Rendered movies/show.html.erb within layouts/application (16319.7ms)
Completed 200 OK in 17850ms (Views: 16331.7ms | ActiveRecord: 0.0ms)


Started GET "/people/137424" for 127.0.0.1 at 2014-05-18 17:08:07 +0200
Processing by PeopleController#show as HTML
  Parameters: {"id"=>"137424"}
  Rendered people/show.html.erb within layouts/application (2794.4ms)
Completed 200 OK in 3504ms (Views: 2809.9ms | ActiveRecord: 0.0ms)


Started GET "/" for 127.0.0.1 at 2014-05-18 18:04:09 +0200
Processing by HomeController#index as HTML
  Rendered home/index.html.erb within layouts/application (5624.5ms)
Completed 200 OK in 6156ms (Views: 5640.3ms | ActiveRecord: 0.0ms)


Started GET "/search?utf8=%E2%9C%93&query=Captain+America" for 127.0.0.1 at 2014-05-18 18:04:22 +0200
Processing by SearchController#index as HTML
  Parameters: {"utf8"=>"✓", "query"=>"Captain America"}
  Rendered search/index.html.erb within layouts/application (8088.7ms)
Completed 200 OK in 8422ms (Views: 8102.1ms | ActiveRecord: 0.0ms)


Started GET "/" for 127.0.0.1 at 2014-05-18 18:33:20 +0200
Processing by HomeController#index as HTML
  Rendered home/index.html.erb within layouts/application (3976.8ms)
Completed 200 OK in 4388ms (Views: 3988.6ms | ActiveRecord: 0.0ms)


Started GET "/movies/268321" for 127.0.0.1 at 2014-05-18 18:33:31 +0200
Processing by MoviesController#show as HTML
  Parameters: {"id"=>"268321"}
  Rendered movies/show.html.erb within layouts/application (5675.4ms)
Completed 200 OK in 7420ms (Views: 5687.5ms | ActiveRecord: 0.0ms)


Started GET "/search?utf8=%E2%9C%93&query=iron+man+3" for 127.0.0.1 at 2014-05-18 19:09:30 +0200
Processing by SearchController#index as HTML
  Parameters: {"utf8"=>"✓", "query"=>"iron man 3"}
  Rendered search/index.html.erb within layouts/application (943.5ms)
Completed 200 OK in 1301ms (Views: 957.8ms | ActiveRecord: 0.0ms)


Started GET "/movies/68721" for 127.0.0.1 at 2014-05-18 19:09:33 +0200
Processing by MoviesController#show as HTML
  Parameters: {"id"=>"68721"}
  Rendered movies/show.html.erb within layouts/application (16965.1ms)
Completed 200 OK in 18610ms (Views: 16977.3ms | ActiveRecord: 0.0ms)


Started GET "/movies/268321" for 127.0.0.1 at 2014-05-18 19:11:41 +0200
Processing by MoviesController#show as HTML
  Parameters: {"id"=>"268321"}
  Rendered movies/show.html.erb within layouts/application (5368.1ms)
Completed 200 OK in 7026ms (Views: 5380.0ms | ActiveRecord: 0.0ms)


Started GET "/people/1014932" for 127.0.0.1 at 2014-05-18 19:56:14 +0200
Processing by PeopleController#show as HTML
  Parameters: {"id"=>"1014932"}
  Rendered people/show.html.erb within layouts/application (1832.8ms)
Completed 200 OK in 2540ms (Views: 1844.8ms | ActiveRecord: 0.0ms)


Started GET "/" for 127.0.0.1 at 2014-05-18 20:35:45 +0200
Processing by HomeController#index as HTML
  Rendered home/index.html.erb within layouts/application (3905.0ms)
Completed 200 OK in 4262ms (Views: 3919.8ms | ActiveRecord: 0.0ms)


Started GET "/search?utf8=%E2%9C%93&query=Apocalypto" for 127.0.0.1 at 2014-05-18 20:36:05 +0200
Processing by SearchController#index as HTML
  Parameters: {"utf8"=>"✓", "query"=>"Apocalypto"}
  Rendered search/index.html.erb within layouts/application (911.6ms)
Completed 200 OK in 1234ms (Views: 924.0ms | ActiveRecord: 0.0ms)


Started GET "/search?utf8=%E2%9C%93&query=Apocalypto" for 127.0.0.1 at 2014-05-18 21:15:24 +0200
Processing by SearchController#index as HTML
  Parameters: {"utf8"=>"✓", "query"=>"Apocalypto"}
  Rendered search/index.html.erb within layouts/application (924.6ms)
Completed 200 OK in 1727ms (Views: 1284.1ms | ActiveRecord: 0.0ms)


Started GET "/" for 127.0.0.1 at 2014-05-18 21:15:30 +0200
Processing by HomeController#index as HTML
  Rendered home/index.html.erb within layouts/application (4020.3ms)
Completed 200 OK in 4353ms (Views: 4046.3ms | ActiveRecord: 0.0ms)


Started GET "/" for 127.0.0.1 at 2014-05-18 21:28:43 +0200
Processing by HomeController#index as HTML
  Rendered home/index.html.erb within layouts/application (4163.1ms)
Completed 500 Internal Server Error in 4623ms

ActionView::Template::Error (couldn't find file 'purecss'
  (in /home/leyas/Dokumenty/ruby/my_movies_123/app/assets/stylesheets/application.css:15)):
    2: <html>
    3: <head>
    4:   <title>MyMovies</title>
    5:   <%= stylesheet_link_tag    'application', media: 'all', 'data-turbolinks-track' => true %>
    6:   <%= javascript_include_tag 'application', 'data-turbolinks-track' => true %>
    7: 
    8:   <%= csrf_meta_tags %>
  app/views/layouts/application.html.erb:5:in `_app_views_layouts_application_html_erb___1026782041_97845600'


  Rendered /usr/local/rvm/gems/ruby-2.1.1/gems/actionpack-4.1.0/lib/action_dispatch/middleware/templates/rescues/_trace.html.erb (1.7ms)
  Rendered /usr/local/rvm/gems/ruby-2.1.1/gems/actionpack-4.1.0/lib/action_dispatch/middleware/templates/rescues/_request_and_response.html.erb (1.3ms)
  Rendered /usr/local/rvm/gems/ruby-2.1.1/gems/actionpack-4.1.0/lib/action_dispatch/middleware/templates/rescues/template_error.html.erb within rescues/layout (18.7ms)


Started GET "/" for 127.0.0.1 at 2014-05-18 21:30:27 +0200
Processing by HomeController#index as HTML
  Rendered home/index.html.erb within layouts/application (4239.7ms)
Completed 500 Internal Server Error in 4660ms

ActionView::Template::Error (couldn't find file 'purecss'
  (in /home/leyas/Dokumenty/ruby/my_movies_123/app/assets/stylesheets/application.css:15)):
    2: <html>
    3: <head>
    4:   <title>MyMovies</title>
    5:   <%= stylesheet_link_tag    'application', media: 'all', 'data-turbolinks-track' => true %>
    6:   <%= javascript_include_tag 'application', 'data-turbolinks-track' => true %>
    7: 
    8:   <%= csrf_meta_tags %>
  app/views/layouts/application.html.erb:5:in `_app_views_layouts_application_html_erb___1026782041_97845600'


  Rendered /usr/local/rvm/gems/ruby-2.1.1/gems/actionpack-4.1.0/lib/action_dispatch/middleware/templates/rescues/_trace.html.erb (2.2ms)
  Rendered /usr/local/rvm/gems/ruby-2.1.1/gems/actionpack-4.1.0/lib/action_dispatch/middleware/templates/rescues/_request_and_response.html.erb (1.5ms)
  Rendered /usr/local/rvm/gems/ruby-2.1.1/gems/actionpack-4.1.0/lib/action_dispatch/middleware/templates/rescues/template_error.html.erb within rescues/layout (24.8ms)


Started GET "/" for 127.0.0.1 at 2014-05-18 21:32:14 +0200
Processing by HomeController#index as HTML
  Rendered home/index.html.erb within layouts/application (4495.9ms)
Completed 200 OK in 4911ms (Views: 4538.7ms | ActiveRecord: 0.0ms)


Started GET "/movies/255278" for 127.0.0.1 at 2014-05-18 21:32:27 +0200
Processing by MoviesController#show as HTML
  Parameters: {"id"=>"255278"}
  Rendered movies/show.html.erb within layouts/application (3829.7ms)
Completed 200 OK in 5567ms (Views: 3856.1ms | ActiveRecord: 0.0ms)


Started GET "/" for 127.0.0.1 at 2014-05-18 21:42:57 +0200
Processing by HomeController#index as HTML
  Rendered home/index.html.erb within layouts/application (3071.5ms)
Completed 200 OK in 3484ms (Views: 3090.9ms | ActiveRecord: 0.0ms)


Started GET "/movies/255278" for 127.0.0.1 at 2014-05-18 21:48:02 +0200
Processing by MoviesController#show as HTML
  Parameters: {"id"=>"255278"}
  Rendered movies/show.html.erb within layouts/application (2774.0ms)
Completed 200 OK in 4315ms (Views: 2780.9ms | ActiveRecord: 0.0ms)


Started GET "/movies/255278" for 127.0.0.1 at 2014-05-18 21:50:46 +0200
Processing by MoviesController#show as HTML
  Parameters: {"id"=>"255278"}
  Rendered movies/show.html.erb within layouts/application (2757.1ms)
Completed 200 OK in 4347ms (Views: 2770.5ms | ActiveRecord: 0.0ms)


Started GET "/people/980" for 127.0.0.1 at 2014-05-18 21:50:55 +0200
Processing by PeopleController#show as HTML
  Parameters: {"id"=>"980"}
  Rendered people/show.html.erb within layouts/application (0.5ms)
Completed 200 OK in 610ms (Views: 7.1ms | ActiveRecord: 0.0ms)


Started GET "/people/980" for 127.0.0.1 at 2014-05-18 21:56:06 +0200
Processing by PeopleController#show as HTML
  Parameters: {"id"=>"980"}
  Rendered people/show.html.erb within layouts/application (2585.4ms)
Completed 200 OK in 3339ms (Views: 2591.5ms | ActiveRecord: 0.0ms)


Started GET "/" for 127.0.0.1 at 2014-05-18 21:58:26 +0200
Processing by HomeController#index as HTML
  Rendered home/index.html.erb within layouts/application (3067.0ms)
Completed 200 OK in 3381ms (Views: 3072.3ms | ActiveRecord: 0.0ms)


Started GET "/search?utf8=%E2%9C%93&query=batman" for 127.0.0.1 at 2014-05-18 21:58:34 +0200
Processing by SearchController#index as HTML
  Parameters: {"utf8"=>"✓", "query"=>"batman"}
  Rendered search/index.html.erb within layouts/application (18245.3ms)
Completed 200 OK in 18555ms (Views: 18257.6ms | ActiveRecord: 0.0ms)


Started GET "/search?utf8=%E2%9C%93&query=batman" for 127.0.0.1 at 2014-05-18 22:00:45 +0200
Processing by SearchController#index as HTML
  Parameters: {"utf8"=>"✓", "query"=>"batman"}
  Rendered search/index.html.erb within layouts/application (28353.5ms)
Completed 200 OK in 28740ms (Views: 28370.1ms | ActiveRecord: 0.0ms)


Started GET "/" for 127.0.0.1 at 2014-05-18 22:01:14 +0200
Processing by HomeController#index as HTML
  Rendered home/index.html.erb within layouts/application (3488.4ms)
Completed 200 OK in 3940ms (Views: 3495.3ms | ActiveRecord: 0.0ms)


Started GET "/" for 127.0.0.1 at 2014-05-18 22:01:20 +0200
Processing by HomeController#index as HTML
  Rendered home/index.html.erb within layouts/application (3296.8ms)
Completed 200 OK in 3668ms (Views: 3303.1ms | ActiveRecord: 0.0ms)


Started GET "/" for 127.0.0.1 at 2014-05-18 22:02:27 +0200
Processing by HomeController#index as HTML
  Rendered home/index.html.erb within layouts/application (3083.6ms)
Completed 200 OK in 3448ms (Views: 3104.5ms | ActiveRecord: 0.0ms)


Started GET "/" for 127.0.0.1 at 2014-05-18 22:03:08 +0200
Processing by HomeController#index as HTML
  Rendered home/index.html.erb within layouts/application (3064.0ms)
Completed 200 OK in 3398ms (Views: 3079.0ms | ActiveRecord: 0.0ms)


Started GET "/movies/255278" for 127.0.0.1 at 2014-05-18 22:03:16 +0200
Processing by MoviesController#show as HTML
  Parameters: {"id"=>"255278"}
  Rendered movies/show.html.erb within layouts/application (3028.7ms)
Completed 200 OK in 4561ms (Views: 3040.8ms | ActiveRecord: 0.0ms)


Started GET "/movies/124905" for 127.0.0.1 at 2014-05-18 22:41:47 +0200
Processing by MoviesController#show as HTML
  Parameters: {"id"=>"124905"}
  Rendered movies/show.html.erb within layouts/application (4024.2ms)
Completed 200 OK in 5495ms (Views: 4031.1ms | ActiveRecord: 0.0ms)


Started GET "/people/39658" for 127.0.0.1 at 2014-05-18 22:42:41 +0200
Processing by PeopleController#show as HTML
  Parameters: {"id"=>"39658"}
  Rendered people/show.html.erb within layouts/application (2317.7ms)
Completed 200 OK in 2913ms (Views: 2326.2ms | ActiveRecord: 0.0ms)


Started GET "/" for 127.0.0.1 at 2014-05-18 22:45:57 +0200
Processing by HomeController#index as HTML
  Rendered home/index.html.erb within layouts/application (2863.0ms)
Completed 200 OK in 3190ms (Views: 2868.3ms | ActiveRecord: 0.0ms)


Started GET "/movies/124905" for 127.0.0.1 at 2014-05-18 22:47:47 +0200
Processing by MoviesController#show as HTML
  Parameters: {"id"=>"124905"}
  Rendered movies/show.html.erb within layouts/application (4083.4ms)
Completed 200 OK in 5571ms (Views: 4091.1ms | ActiveRecord: 0.0ms)


Started GET "/people/17419" for 127.0.0.1 at 2014-05-18 22:59:03 +0200
Processing by PeopleController#show as HTML
  Parameters: {"id"=>"17419"}
  Rendered people/show.html.erb within layouts/application (1726.3ms)
Completed 200 OK in 2355ms (Views: 1732.1ms | ActiveRecord: 0.0ms)


Started GET "/search?utf8=%E2%9C%93&query=batman" for 127.0.0.1 at 2014-05-18 23:48:52 +0200
Processing by SearchController#index as HTML
  Parameters: {"utf8"=>"✓", "query"=>"batman"}
  Rendered search/index.html.erb within layouts/application (1.2ms)
Completed 500 Internal Server Error in 354ms

SyntaxError (/home/leyas/Dokumenty/ruby/my_movies_123/app/views/search/index.html.erb:21: syntax error, unexpected keyword_ensure, expecting keyword_end
/home/leyas/Dokumenty/ruby/my_movies_123/app/views/search/index.html.erb:23: syntax error, unexpected end-of-input, expecting keyword_end):
  actionview (4.1.0) lib/action_view/template.rb:297:in `module_eval'
  actionview (4.1.0) lib/action_view/template.rb:297:in `compile'
  actionview (4.1.0) lib/action_view/template.rb:245:in `block (2 levels) in compile!'
  activesupport (4.1.0) lib/active_support/notifications.rb:161:in `instrument'
  actionview (4.1.0) lib/action_view/template.rb:339:in `instrument'
  actionview (4.1.0) lib/action_view/template.rb:244:in `block in compile!'
  actionview (4.1.0) lib/action_view/template.rb:232:in `synchronize'
  actionview (4.1.0) lib/action_view/template.rb:232:in `compile!'
  actionview (4.1.0) lib/action_view/template.rb:144:in `block in render'
  activesupport (4.1.0) lib/active_support/notifications.rb:161:in `instrument'
  actionview (4.1.0) lib/action_view/template.rb:339:in `instrument'
  actionview (4.1.0) lib/action_view/template.rb:143:in `render'
  actionview (4.1.0) lib/action_view/renderer/template_renderer.rb:55:in `block (2 levels) in render_template'
  actionview (4.1.0) lib/action_view/renderer/abstract_renderer.rb:38:in `block in instrument'
  activesupport (4.1.0) lib/active_support/notifications.rb:159:in `block in instrument'
  activesupport (4.1.0) lib/active_support/notifications/instrumenter.rb:20:in `instrument'
  activesupport (4.1.0) lib/active_support/notifications.rb:159:in `instrument'
  actionview (4.1.0) lib/action_view/renderer/abstract_renderer.rb:38:in `instrument'
  actionview (4.1.0) lib/action_view/renderer/template_renderer.rb:54:in `block in render_template'
  actionview (4.1.0) lib/action_view/renderer/template_renderer.rb:62:in `render_with_layout'
  actionview (4.1.0) lib/action_view/renderer/template_renderer.rb:53:in `render_template'
  actionview (4.1.0) lib/action_view/renderer/template_renderer.rb:17:in `render'
  actionview (4.1.0) lib/action_view/renderer/renderer.rb:42:in `render_template'
  actionview (4.1.0) lib/action_view/renderer/renderer.rb:23:in `render'
  actionview (4.1.0) lib/action_view/rendering.rb:99:in `_render_template'
  actionpack (4.1.0) lib/action_controller/metal/streaming.rb:217:in `_render_template'
  actionview (4.1.0) lib/action_view/rendering.rb:82:in `render_to_body'
  actionpack (4.1.0) lib/action_controller/metal/rendering.rb:32:in `render_to_body'
  actionpack (4.1.0) lib/action_controller/metal/renderers.rb:32:in `render_to_body'
  actionpack (4.1.0) lib/abstract_controller/rendering.rb:25:in `render'
  actionpack (4.1.0) lib/action_controller/metal/rendering.rb:16:in `render'
  actionpack (4.1.0) lib/action_controller/metal/instrumentation.rb:41:in `block (2 levels) in render'
  activesupport (4.1.0) lib/active_support/core_ext/benchmark.rb:12:in `block in ms'
  /usr/local/rvm/rubies/ruby-2.1.1/lib/ruby/2.1.0/benchmark.rb:294:in `realtime'
  activesupport (4.1.0) lib/active_support/core_ext/benchmark.rb:12:in `ms'
  actionpack (4.1.0) lib/action_controller/metal/instrumentation.rb:41:in `block in render'
  actionpack (4.1.0) lib/action_controller/metal/instrumentation.rb:84:in `cleanup_view_runtime'
  activerecord (4.1.0) lib/active_record/railties/controller_runtime.rb:25:in `cleanup_view_runtime'
  actionpack (4.1.0) lib/action_controller/metal/instrumentation.rb:40:in `render'
  actionpack (4.1.0) lib/action_controller/metal/implicit_render.rb:10:in `default_render'
  actionpack (4.1.0) lib/action_controller/metal/implicit_render.rb:5:in `send_action'
  actionpack (4.1.0) lib/abstract_controller/base.rb:189:in `process_action'
  actionpack (4.1.0) lib/action_controller/metal/rendering.rb:10:in `process_action'
  actionpack (4.1.0) lib/abstract_controller/callbacks.rb:20:in `block in process_action'
  activesupport (4.1.0) lib/active_support/callbacks.rb:113:in `call'
  activesupport (4.1.0) lib/active_support/callbacks.rb:113:in `call'
  activesupport (4.1.0) lib/active_support/callbacks.rb:166:in `block in halting'
  activesupport (4.1.0) lib/active_support/callbacks.rb:229:in `call'
  activesupport (4.1.0) lib/active_support/callbacks.rb:229:in `block in halting'
  activesupport (4.1.0) lib/active_support/callbacks.rb:229:in `call'
  activesupport (4.1.0) lib/active_support/callbacks.rb:229:in `block in halting'
  activesupport (4.1.0) lib/active_support/callbacks.rb:166:in `call'
  activesupport (4.1.0) lib/active_support/callbacks.rb:166:in `block in halting'
  activesupport (4.1.0) lib/active_support/callbacks.rb:166:in `call'
  activesupport (4.1.0) lib/active_support/callbacks.rb:166:in `block in halting'
  activesupport (4.1.0) lib/active_support/callbacks.rb:166:in `call'
  activesupport (4.1.0) lib/active_support/callbacks.rb:166:in `block in halting'
  activesupport (4.1.0) lib/active_support/callbacks.rb:86:in `call'
  activesupport (4.1.0) lib/active_support/callbacks.rb:86:in `run_callbacks'
  actionpack (4.1.0) lib/abstract_controller/callbacks.rb:19:in `process_action'
  actionpack (4.1.0) lib/action_controller/metal/rescue.rb:29:in `process_action'
  actionpack (4.1.0) lib/action_controller/metal/instrumentation.rb:31:in `block in process_action'
  activesupport (4.1.0) lib/active_support/notifications.rb:159:in `block in instrument'
  activesupport (4.1.0) lib/active_support/notifications/instrumenter.rb:20:in `instrument'
  activesupport (4.1.0) lib/active_support/notifications.rb:159:in `instrument'
  actionpack (4.1.0) lib/action_controller/metal/instrumentation.rb:30:in `process_action'
  actionpack (4.1.0) lib/action_controller/metal/params_wrapper.rb:250:in `process_action'
  activerecord (4.1.0) lib/active_record/railties/controller_runtime.rb:18:in `process_action'
  actionpack (4.1.0) lib/abstract_controller/base.rb:136:in `process'
  actionview (4.1.0) lib/action_view/rendering.rb:30:in `process'
  actionpack (4.1.0) lib/action_controller/metal.rb:195:in `dispatch'
  actionpack (4.1.0) lib/action_controller/metal/rack_delegation.rb:13:in `dispatch'
  actionpack (4.1.0) lib/action_controller/metal.rb:231:in `block in action'
  actionpack (4.1.0) lib/action_dispatch/routing/route_set.rb:80:in `call'
  actionpack (4.1.0) lib/action_dispatch/routing/route_set.rb:80:in `dispatch'
  actionpack (4.1.0) lib/action_dispatch/routing/route_set.rb:48:in `call'
  actionpack (4.1.0) lib/action_dispatch/journey/router.rb:71:in `block in call'
  actionpack (4.1.0) lib/action_dispatch/journey/router.rb:59:in `each'
  actionpack (4.1.0) lib/action_dispatch/journey/router.rb:59:in `call'
  actionpack (4.1.0) lib/action_dispatch/routing/route_set.rb:676:in `call'
  rack (1.5.2) lib/rack/etag.rb:23:in `call'
  rack (1.5.2) lib/rack/conditionalget.rb:25:in `call'
  rack (1.5.2) lib/rack/head.rb:11:in `call'
  actionpack (4.1.0) lib/action_dispatch/middleware/params_parser.rb:27:in `call'
  actionpack (4.1.0) lib/action_dispatch/middleware/flash.rb:254:in `call'
  rack (1.5.2) lib/rack/session/abstract/id.rb:225:in `context'
  rack (1.5.2) lib/rack/session/abstract/id.rb:220:in `call'
  actionpack (4.1.0) lib/action_dispatch/middleware/cookies.rb:560:in `call'
  activerecord (4.1.0) lib/active_record/query_cache.rb:36:in `call'
  activerecord (4.1.0) lib/active_record/connection_adapters/abstract/connection_pool.rb:621:in `call'
  activerecord (4.1.0) lib/active_record/migration.rb:380:in `call'
  actionpack (4.1.0) lib/action_dispatch/middleware/callbacks.rb:29:in `block in call'
  activesupport (4.1.0) lib/active_support/callbacks.rb:82:in `run_callbacks'
  actionpack (4.1.0) lib/action_dispatch/middleware/callbacks.rb:27:in `call'
  actionpack (4.1.0) lib/action_dispatch/middleware/reloader.rb:73:in `call'
  actionpack (4.1.0) lib/action_dispatch/middleware/remote_ip.rb:76:in `call'
  actionpack (4.1.0) lib/action_dispatch/middleware/debug_exceptions.rb:17:in `call'
  actionpack (4.1.0) lib/action_dispatch/middleware/show_exceptions.rb:30:in `call'
  railties (4.1.0) lib/rails/rack/logger.rb:38:in `call_app'
  railties (4.1.0) lib/rails/rack/logger.rb:20:in `block in call'
  activesupport (4.1.0) lib/active_support/tagged_logging.rb:68:in `block in tagged'
  activesupport (4.1.0) lib/active_support/tagged_logging.rb:26:in `tagged'
  activesupport (4.1.0) lib/active_support/tagged_logging.rb:68:in `tagged'
  railties (4.1.0) lib/rails/rack/logger.rb:20:in `call'
  quiet_assets (1.0.2) lib/quiet_assets.rb:18:in `call_with_quiet_assets'
  actionpack (4.1.0) lib/action_dispatch/middleware/request_id.rb:21:in `call'
  rack (1.5.2) lib/rack/methodoverride.rb:21:in `call'
  rack (1.5.2) lib/rack/runtime.rb:17:in `call'
  activesupport (4.1.0) lib/active_support/cache/strategy/local_cache_middleware.rb:26:in `call'
  rack (1.5.2) lib/rack/lock.rb:17:in `call'
  actionpack (4.1.0) lib/action_dispatch/middleware/static.rb:64:in `call'
  rack (1.5.2) lib/rack/sendfile.rb:112:in `call'
  railties (4.1.0) lib/rails/engine.rb:514:in `call'
  railties (4.1.0) lib/rails/application.rb:144:in `call'
  rack (1.5.2) lib/rack/content_length.rb:14:in `call'
  thin (1.6.2) lib/thin/connection.rb:86:in `block in pre_process'
  thin (1.6.2) lib/thin/connection.rb:84:in `catch'
  thin (1.6.2) lib/thin/connection.rb:84:in `pre_process'
  thin (1.6.2) lib/thin/connection.rb:53:in `process'
  thin (1.6.2) lib/thin/connection.rb:39:in `receive_data'
  eventmachine (1.0.3) lib/eventmachine.rb:187:in `run_machine'
  eventmachine (1.0.3) lib/eventmachine.rb:187:in `run'
  thin (1.6.2) lib/thin/backends/base.rb:73:in `start'
  thin (1.6.2) lib/thin/server.rb:162:in `start'
  rack (1.5.2) lib/rack/handler/thin.rb:16:in `run'
  rack (1.5.2) lib/rack/server.rb:264:in `start'
  railties (4.1.0) lib/rails/commands/server.rb:69:in `start'
  railties (4.1.0) lib/rails/commands/commands_tasks.rb:81:in `block in server'
  railties (4.1.0) lib/rails/commands/commands_tasks.rb:76:in `tap'
  railties (4.1.0) lib/rails/commands/commands_tasks.rb:76:in `server'
  railties (4.1.0) lib/rails/commands/commands_tasks.rb:40:in `run_command!'
  railties (4.1.0) lib/rails/commands.rb:17:in `<top (required)>'
  bin/rails:4:in `require'
  bin/rails:4:in `<main>'


  Rendered /usr/local/rvm/gems/ruby-2.1.1/gems/actionpack-4.1.0/lib/action_dispatch/middleware/templates/rescues/_source.erb (1.0ms)
  Rendered /usr/local/rvm/gems/ruby-2.1.1/gems/actionpack-4.1.0/lib/action_dispatch/middleware/templates/rescues/_trace.html.erb (2.0ms)
  Rendered /usr/local/rvm/gems/ruby-2.1.1/gems/actionpack-4.1.0/lib/action_dispatch/middleware/templates/rescues/_request_and_response.html.erb (1.5ms)
  Rendered /usr/local/rvm/gems/ruby-2.1.1/gems/actionpack-4.1.0/lib/action_dispatch/middleware/templates/rescues/diagnostics.erb within rescues/layout (34.4ms)


Started GET "/movies/124905" for 127.0.0.1 at 2014-05-18 23:49:10 +0200
Processing by MoviesController#show as HTML
  Parameters: {"id"=>"124905"}
  Rendered movies/show.html.erb within layouts/application (2.0ms)
Completed 500 Internal Server Error in 1446ms

SyntaxError (/home/leyas/Dokumenty/ruby/my_movies_123/app/views/movies/show.html.erb:102: syntax error, unexpected keyword_ensure, expecting keyword_end
/home/leyas/Dokumenty/ruby/my_movies_123/app/views/movies/show.html.erb:104: syntax error, unexpected end-of-input, expecting keyword_end):
  actionview (4.1.0) lib/action_view/template.rb:297:in `module_eval'
  actionview (4.1.0) lib/action_view/template.rb:297:in `compile'
  actionview (4.1.0) lib/action_view/template.rb:245:in `block (2 levels) in compile!'
  activesupport (4.1.0) lib/active_support/notifications.rb:161:in `instrument'
  actionview (4.1.0) lib/action_view/template.rb:339:in `instrument'
  actionview (4.1.0) lib/action_view/template.rb:244:in `block in compile!'
  actionview (4.1.0) lib/action_view/template.rb:232:in `synchronize'
  actionview (4.1.0) lib/action_view/template.rb:232:in `compile!'
  actionview (4.1.0) lib/action_view/template.rb:144:in `block in render'
  activesupport (4.1.0) lib/active_support/notifications.rb:161:in `instrument'
  actionview (4.1.0) lib/action_view/template.rb:339:in `instrument'
  actionview (4.1.0) lib/action_view/template.rb:143:in `render'
  actionview (4.1.0) lib/action_view/renderer/template_renderer.rb:55:in `block (2 levels) in render_template'
  actionview (4.1.0) lib/action_view/renderer/abstract_renderer.rb:38:in `block in instrument'
  activesupport (4.1.0) lib/active_support/notifications.rb:159:in `block in instrument'
  activesupport (4.1.0) lib/active_support/notifications/instrumenter.rb:20:in `instrument'
  activesupport (4.1.0) lib/active_support/notifications.rb:159:in `instrument'
  actionview (4.1.0) lib/action_view/renderer/abstract_renderer.rb:38:in `instrument'
  actionview (4.1.0) lib/action_view/renderer/template_renderer.rb:54:in `block in render_template'
  actionview (4.1.0) lib/action_view/renderer/template_renderer.rb:62:in `render_with_layout'
  actionview (4.1.0) lib/action_view/renderer/template_renderer.rb:53:in `render_template'
  actionview (4.1.0) lib/action_view/renderer/template_renderer.rb:17:in `render'
  actionview (4.1.0) lib/action_view/renderer/renderer.rb:42:in `render_template'
  actionview (4.1.0) lib/action_view/renderer/renderer.rb:23:in `render'
  actionview (4.1.0) lib/action_view/rendering.rb:99:in `_render_template'
  actionpack (4.1.0) lib/action_controller/metal/streaming.rb:217:in `_render_template'
  actionview (4.1.0) lib/action_view/rendering.rb:82:in `render_to_body'
  actionpack (4.1.0) lib/action_controller/metal/rendering.rb:32:in `render_to_body'
  actionpack (4.1.0) lib/action_controller/metal/renderers.rb:32:in `render_to_body'
  actionpack (4.1.0) lib/abstract_controller/rendering.rb:25:in `render'
  actionpack (4.1.0) lib/action_controller/metal/rendering.rb:16:in `render'
  actionpack (4.1.0) lib/action_controller/metal/instrumentation.rb:41:in `block (2 levels) in render'
  activesupport (4.1.0) lib/active_support/core_ext/benchmark.rb:12:in `block in ms'
  /usr/local/rvm/rubies/ruby-2.1.1/lib/ruby/2.1.0/benchmark.rb:294:in `realtime'
  activesupport (4.1.0) lib/active_support/core_ext/benchmark.rb:12:in `ms'
  actionpack (4.1.0) lib/action_controller/metal/instrumentation.rb:41:in `block in render'
  actionpack (4.1.0) lib/action_controller/metal/instrumentation.rb:84:in `cleanup_view_runtime'
  activerecord (4.1.0) lib/active_record/railties/controller_runtime.rb:25:in `cleanup_view_runtime'
  actionpack (4.1.0) lib/action_controller/metal/instrumentation.rb:40:in `render'
  actionpack (4.1.0) lib/action_controller/metal/implicit_render.rb:10:in `default_render'
  actionpack (4.1.0) lib/action_controller/metal/implicit_render.rb:5:in `send_action'
  actionpack (4.1.0) lib/abstract_controller/base.rb:189:in `process_action'
  actionpack (4.1.0) lib/action_controller/metal/rendering.rb:10:in `process_action'
  actionpack (4.1.0) lib/abstract_controller/callbacks.rb:20:in `block in process_action'
  activesupport (4.1.0) lib/active_support/callbacks.rb:113:in `call'
  activesupport (4.1.0) lib/active_support/callbacks.rb:113:in `call'
  activesupport (4.1.0) lib/active_support/callbacks.rb:166:in `block in halting'
  activesupport (4.1.0) lib/active_support/callbacks.rb:229:in `call'
  activesupport (4.1.0) lib/active_support/callbacks.rb:229:in `block in halting'
  activesupport (4.1.0) lib/active_support/callbacks.rb:229:in `call'
  activesupport (4.1.0) lib/active_support/callbacks.rb:229:in `block in halting'
  activesupport (4.1.0) lib/active_support/callbacks.rb:166:in `call'
  activesupport (4.1.0) lib/active_support/callbacks.rb:166:in `block in halting'
  activesupport (4.1.0) lib/active_support/callbacks.rb:166:in `call'
  activesupport (4.1.0) lib/active_support/callbacks.rb:166:in `block in halting'
  activesupport (4.1.0) lib/active_support/callbacks.rb:166:in `call'
  activesupport (4.1.0) lib/active_support/callbacks.rb:166:in `block in halting'
  activesupport (4.1.0) lib/active_support/callbacks.rb:86:in `call'
  activesupport (4.1.0) lib/active_support/callbacks.rb:86:in `run_callbacks'
  actionpack (4.1.0) lib/abstract_controller/callbacks.rb:19:in `process_action'
  actionpack (4.1.0) lib/action_controller/metal/rescue.rb:29:in `process_action'
  actionpack (4.1.0) lib/action_controller/metal/instrumentation.rb:31:in `block in process_action'
  activesupport (4.1.0) lib/active_support/notifications.rb:159:in `block in instrument'
  activesupport (4.1.0) lib/active_support/notifications/instrumenter.rb:20:in `instrument'
  activesupport (4.1.0) lib/active_support/notifications.rb:159:in `instrument'
  actionpack (4.1.0) lib/action_controller/metal/instrumentation.rb:30:in `process_action'
  actionpack (4.1.0) lib/action_controller/metal/params_wrapper.rb:250:in `process_action'
  activerecord (4.1.0) lib/active_record/railties/controller_runtime.rb:18:in `process_action'
  actionpack (4.1.0) lib/abstract_controller/base.rb:136:in `process'
  actionview (4.1.0) lib/action_view/rendering.rb:30:in `process'
  actionpack (4.1.0) lib/action_controller/metal.rb:195:in `dispatch'
  actionpack (4.1.0) lib/action_controller/metal/rack_delegation.rb:13:in `dispatch'
  actionpack (4.1.0) lib/action_controller/metal.rb:231:in `block in action'
  actionpack (4.1.0) lib/action_dispatch/routing/route_set.rb:80:in `call'
  actionpack (4.1.0) lib/action_dispatch/routing/route_set.rb:80:in `dispatch'
  actionpack (4.1.0) lib/action_dispatch/routing/route_set.rb:48:in `call'
  actionpack (4.1.0) lib/action_dispatch/journey/router.rb:71:in `block in call'
  actionpack (4.1.0) lib/action_dispatch/journey/router.rb:59:in `each'
  actionpack (4.1.0) lib/action_dispatch/journey/router.rb:59:in `call'
  actionpack (4.1.0) lib/action_dispatch/routing/route_set.rb:676:in `call'
  rack (1.5.2) lib/rack/etag.rb:23:in `call'
  rack (1.5.2) lib/rack/conditionalget.rb:25:in `call'
  rack (1.5.2) lib/rack/head.rb:11:in `call'
  actionpack (4.1.0) lib/action_dispatch/middleware/params_parser.rb:27:in `call'
  actionpack (4.1.0) lib/action_dispatch/middleware/flash.rb:254:in `call'
  rack (1.5.2) lib/rack/session/abstract/id.rb:225:in `context'
  rack (1.5.2) lib/rack/session/abstract/id.rb:220:in `call'
  actionpack (4.1.0) lib/action_dispatch/middleware/cookies.rb:560:in `call'
  activerecord (4.1.0) lib/active_record/query_cache.rb:36:in `call'
  activerecord (4.1.0) lib/active_record/connection_adapters/abstract/connection_pool.rb:621:in `call'
  activerecord (4.1.0) lib/active_record/migration.rb:380:in `call'
  actionpack (4.1.0) lib/action_dispatch/middleware/callbacks.rb:29:in `block in call'
  activesupport (4.1.0) lib/active_support/callbacks.rb:82:in `run_callbacks'
  actionpack (4.1.0) lib/action_dispatch/middleware/callbacks.rb:27:in `call'
  actionpack (4.1.0) lib/action_dispatch/middleware/reloader.rb:73:in `call'
  actionpack (4.1.0) lib/action_dispatch/middleware/remote_ip.rb:76:in `call'
  actionpack (4.1.0) lib/action_dispatch/middleware/debug_exceptions.rb:17:in `call'
  actionpack (4.1.0) lib/action_dispatch/middleware/show_exceptions.rb:30:in `call'
  railties (4.1.0) lib/rails/rack/logger.rb:38:in `call_app'
  railties (4.1.0) lib/rails/rack/logger.rb:20:in `block in call'
  activesupport (4.1.0) lib/active_support/tagged_logging.rb:68:in `block in tagged'
  activesupport (4.1.0) lib/active_support/tagged_logging.rb:26:in `tagged'
  activesupport (4.1.0) lib/active_support/tagged_logging.rb:68:in `tagged'
  railties (4.1.0) lib/rails/rack/logger.rb:20:in `call'
  quiet_assets (1.0.2) lib/quiet_assets.rb:18:in `call_with_quiet_assets'
  actionpack (4.1.0) lib/action_dispatch/middleware/request_id.rb:21:in `call'
  rack (1.5.2) lib/rack/methodoverride.rb:21:in `call'
  rack (1.5.2) lib/rack/runtime.rb:17:in `call'
  activesupport (4.1.0) lib/active_support/cache/strategy/local_cache_middleware.rb:26:in `call'
  rack (1.5.2) lib/rack/lock.rb:17:in `call'
  actionpack (4.1.0) lib/action_dispatch/middleware/static.rb:64:in `call'
  rack (1.5.2) lib/rack/sendfile.rb:112:in `call'
  railties (4.1.0) lib/rails/engine.rb:514:in `call'
  railties (4.1.0) lib/rails/application.rb:144:in `call'
  rack (1.5.2) lib/rack/content_length.rb:14:in `call'
  thin (1.6.2) lib/thin/connection.rb:86:in `block in pre_process'
  thin (1.6.2) lib/thin/connection.rb:84:in `catch'
  thin (1.6.2) lib/thin/connection.rb:84:in `pre_process'
  thin (1.6.2) lib/thin/connection.rb:53:in `process'
  thin (1.6.2) lib/thin/connection.rb:39:in `receive_data'
  eventmachine (1.0.3) lib/eventmachine.rb:187:in `run_machine'
  eventmachine (1.0.3) lib/eventmachine.rb:187:in `run'
  thin (1.6.2) lib/thin/backends/base.rb:73:in `start'
  thin (1.6.2) lib/thin/server.rb:162:in `start'
  rack (1.5.2) lib/rack/handler/thin.rb:16:in `run'
  rack (1.5.2) lib/rack/server.rb:264:in `start'
  railties (4.1.0) lib/rails/commands/server.rb:69:in `start'
  railties (4.1.0) lib/rails/commands/commands_tasks.rb:81:in `block in server'
  railties (4.1.0) lib/rails/commands/commands_tasks.rb:76:in `tap'
  railties (4.1.0) lib/rails/commands/commands_tasks.rb:76:in `server'
  railties (4.1.0) lib/rails/commands/commands_tasks.rb:40:in `run_command!'
  railties (4.1.0) lib/rails/commands.rb:17:in `<top (required)>'
  bin/rails:4:in `require'
  bin/rails:4:in `<main>'


  Rendered /usr/local/rvm/gems/ruby-2.1.1/gems/actionpack-4.1.0/lib/action_dispatch/middleware/templates/rescues/_source.erb (0.7ms)
  Rendered /usr/local/rvm/gems/ruby-2.1.1/gems/actionpack-4.1.0/lib/action_dispatch/middleware/templates/rescues/_trace.html.erb (3.4ms)
  Rendered /usr/local/rvm/gems/ruby-2.1.1/gems/actionpack-4.1.0/lib/action_dispatch/middleware/templates/rescues/_request_and_response.html.erb (1.3ms)
  Rendered /usr/local/rvm/gems/ruby-2.1.1/gems/actionpack-4.1.0/lib/action_dispatch/middleware/templates/rescues/diagnostics.erb within rescues/layout (19.7ms)


Started GET "/movies/124905" for 127.0.0.1 at 2014-05-18 23:49:12 +0200
Processing by MoviesController#show as HTML
  Parameters: {"id"=>"124905"}
  Rendered movies/show.html.erb within layouts/application (3.3ms)
Completed 500 Internal Server Error in 1446ms

SyntaxError (/home/leyas/Dokumenty/ruby/my_movies_123/app/views/movies/show.html.erb:102: syntax error, unexpected keyword_ensure, expecting keyword_end
/home/leyas/Dokumenty/ruby/my_movies_123/app/views/movies/show.html.erb:104: syntax error, unexpected end-of-input, expecting keyword_end):
  actionview (4.1.0) lib/action_view/template.rb:297:in `module_eval'
  actionview (4.1.0) lib/action_view/template.rb:297:in `compile'
  actionview (4.1.0) lib/action_view/template.rb:245:in `block (2 levels) in compile!'
  activesupport (4.1.0) lib/active_support/notifications.rb:161:in `instrument'
  actionview (4.1.0) lib/action_view/template.rb:339:in `instrument'
  actionview (4.1.0) lib/action_view/template.rb:244:in `block in compile!'
  actionview (4.1.0) lib/action_view/template.rb:232:in `synchronize'
  actionview (4.1.0) lib/action_view/template.rb:232:in `compile!'
  actionview (4.1.0) lib/action_view/template.rb:144:in `block in render'
  activesupport (4.1.0) lib/active_support/notifications.rb:161:in `instrument'
  actionview (4.1.0) lib/action_view/template.rb:339:in `instrument'
  actionview (4.1.0) lib/action_view/template.rb:143:in `render'
  actionview (4.1.0) lib/action_view/renderer/template_renderer.rb:55:in `block (2 levels) in render_template'
  actionview (4.1.0) lib/action_view/renderer/abstract_renderer.rb:38:in `block in instrument'
  activesupport (4.1.0) lib/active_support/notifications.rb:159:in `block in instrument'
  activesupport (4.1.0) lib/active_support/notifications/instrumenter.rb:20:in `instrument'
  activesupport (4.1.0) lib/active_support/notifications.rb:159:in `instrument'
  actionview (4.1.0) lib/action_view/renderer/abstract_renderer.rb:38:in `instrument'
  actionview (4.1.0) lib/action_view/renderer/template_renderer.rb:54:in `block in render_template'
  actionview (4.1.0) lib/action_view/renderer/template_renderer.rb:62:in `render_with_layout'
  actionview (4.1.0) lib/action_view/renderer/template_renderer.rb:53:in `render_template'
  actionview (4.1.0) lib/action_view/renderer/template_renderer.rb:17:in `render'
  actionview (4.1.0) lib/action_view/renderer/renderer.rb:42:in `render_template'
  actionview (4.1.0) lib/action_view/renderer/renderer.rb:23:in `render'
  actionview (4.1.0) lib/action_view/rendering.rb:99:in `_render_template'
  actionpack (4.1.0) lib/action_controller/metal/streaming.rb:217:in `_render_template'
  actionview (4.1.0) lib/action_view/rendering.rb:82:in `render_to_body'
  actionpack (4.1.0) lib/action_controller/metal/rendering.rb:32:in `render_to_body'
  actionpack (4.1.0) lib/action_controller/metal/renderers.rb:32:in `render_to_body'
  actionpack (4.1.0) lib/abstract_controller/rendering.rb:25:in `render'
  actionpack (4.1.0) lib/action_controller/metal/rendering.rb:16:in `render'
  actionpack (4.1.0) lib/action_controller/metal/instrumentation.rb:41:in `block (2 levels) in render'
  activesupport (4.1.0) lib/active_support/core_ext/benchmark.rb:12:in `block in ms'
  /usr/local/rvm/rubies/ruby-2.1.1/lib/ruby/2.1.0/benchmark.rb:294:in `realtime'
  activesupport (4.1.0) lib/active_support/core_ext/benchmark.rb:12:in `ms'
  actionpack (4.1.0) lib/action_controller/metal/instrumentation.rb:41:in `block in render'
  actionpack (4.1.0) lib/action_controller/metal/instrumentation.rb:84:in `cleanup_view_runtime'
  activerecord (4.1.0) lib/active_record/railties/controller_runtime.rb:25:in `cleanup_view_runtime'
  actionpack (4.1.0) lib/action_controller/metal/instrumentation.rb:40:in `render'
  actionpack (4.1.0) lib/action_controller/metal/implicit_render.rb:10:in `default_render'
  actionpack (4.1.0) lib/action_controller/metal/implicit_render.rb:5:in `send_action'
  actionpack (4.1.0) lib/abstract_controller/base.rb:189:in `process_action'
  actionpack (4.1.0) lib/action_controller/metal/rendering.rb:10:in `process_action'
  actionpack (4.1.0) lib/abstract_controller/callbacks.rb:20:in `block in process_action'
  activesupport (4.1.0) lib/active_support/callbacks.rb:113:in `call'
  activesupport (4.1.0) lib/active_support/callbacks.rb:113:in `call'
  activesupport (4.1.0) lib/active_support/callbacks.rb:166:in `block in halting'
  activesupport (4.1.0) lib/active_support/callbacks.rb:229:in `call'
  activesupport (4.1.0) lib/active_support/callbacks.rb:229:in `block in halting'
  activesupport (4.1.0) lib/active_support/callbacks.rb:229:in `call'
  activesupport (4.1.0) lib/active_support/callbacks.rb:229:in `block in halting'
  activesupport (4.1.0) lib/active_support/callbacks.rb:166:in `call'
  activesupport (4.1.0) lib/active_support/callbacks.rb:166:in `block in halting'
  activesupport (4.1.0) lib/active_support/callbacks.rb:166:in `call'
  activesupport (4.1.0) lib/active_support/callbacks.rb:166:in `block in halting'
  activesupport (4.1.0) lib/active_support/callbacks.rb:166:in `call'
  activesupport (4.1.0) lib/active_support/callbacks.rb:166:in `block in halting'
  activesupport (4.1.0) lib/active_support/callbacks.rb:86:in `call'
  activesupport (4.1.0) lib/active_support/callbacks.rb:86:in `run_callbacks'
  actionpack (4.1.0) lib/abstract_controller/callbacks.rb:19:in `process_action'
  actionpack (4.1.0) lib/action_controller/metal/rescue.rb:29:in `process_action'
  actionpack (4.1.0) lib/action_controller/metal/instrumentation.rb:31:in `block in process_action'
  activesupport (4.1.0) lib/active_support/notifications.rb:159:in `block in instrument'
  activesupport (4.1.0) lib/active_support/notifications/instrumenter.rb:20:in `instrument'
  activesupport (4.1.0) lib/active_support/notifications.rb:159:in `instrument'
  actionpack (4.1.0) lib/action_controller/metal/instrumentation.rb:30:in `process_action'
  actionpack (4.1.0) lib/action_controller/metal/params_wrapper.rb:250:in `process_action'
  activerecord (4.1.0) lib/active_record/railties/controller_runtime.rb:18:in `process_action'
  actionpack (4.1.0) lib/abstract_controller/base.rb:136:in `process'
  actionview (4.1.0) lib/action_view/rendering.rb:30:in `process'
  actionpack (4.1.0) lib/action_controller/metal.rb:195:in `dispatch'
  actionpack (4.1.0) lib/action_controller/metal/rack_delegation.rb:13:in `dispatch'
  actionpack (4.1.0) lib/action_controller/metal.rb:231:in `block in action'
  actionpack (4.1.0) lib/action_dispatch/routing/route_set.rb:80:in `call'
  actionpack (4.1.0) lib/action_dispatch/routing/route_set.rb:80:in `dispatch'
  actionpack (4.1.0) lib/action_dispatch/routing/route_set.rb:48:in `call'
  actionpack (4.1.0) lib/action_dispatch/journey/router.rb:71:in `block in call'
  actionpack (4.1.0) lib/action_dispatch/journey/router.rb:59:in `each'
  actionpack (4.1.0) lib/action_dispatch/journey/router.rb:59:in `call'
  actionpack (4.1.0) lib/action_dispatch/routing/route_set.rb:676:in `call'
  rack (1.5.2) lib/rack/etag.rb:23:in `call'
  rack (1.5.2) lib/rack/conditionalget.rb:25:in `call'
  rack (1.5.2) lib/rack/head.rb:11:in `call'
  actionpack (4.1.0) lib/action_dispatch/middleware/params_parser.rb:27:in `call'
  actionpack (4.1.0) lib/action_dispatch/middleware/flash.rb:254:in `call'
  rack (1.5.2) lib/rack/session/abstract/id.rb:225:in `context'
  rack (1.5.2) lib/rack/session/abstract/id.rb:220:in `call'
  actionpack (4.1.0) lib/action_dispatch/middleware/cookies.rb:560:in `call'
  activerecord (4.1.0) lib/active_record/query_cache.rb:36:in `call'
  activerecord (4.1.0) lib/active_record/connection_adapters/abstract/connection_pool.rb:621:in `call'
  activerecord (4.1.0) lib/active_record/migration.rb:380:in `call'
  actionpack (4.1.0) lib/action_dispatch/middleware/callbacks.rb:29:in `block in call'
  activesupport (4.1.0) lib/active_support/callbacks.rb:82:in `run_callbacks'
  actionpack (4.1.0) lib/action_dispatch/middleware/callbacks.rb:27:in `call'
  actionpack (4.1.0) lib/action_dispatch/middleware/reloader.rb:73:in `call'
  actionpack (4.1.0) lib/action_dispatch/middleware/remote_ip.rb:76:in `call'
  actionpack (4.1.0) lib/action_dispatch/middleware/debug_exceptions.rb:17:in `call'
  actionpack (4.1.0) lib/action_dispatch/middleware/show_exceptions.rb:30:in `call'
  railties (4.1.0) lib/rails/rack/logger.rb:38:in `call_app'
  railties (4.1.0) lib/rails/rack/logger.rb:20:in `block in call'
  activesupport (4.1.0) lib/active_support/tagged_logging.rb:68:in `block in tagged'
  activesupport (4.1.0) lib/active_support/tagged_logging.rb:26:in `tagged'
  activesupport (4.1.0) lib/active_support/tagged_logging.rb:68:in `tagged'
  railties (4.1.0) lib/rails/rack/logger.rb:20:in `call'
  quiet_assets (1.0.2) lib/quiet_assets.rb:18:in `call_with_quiet_assets'
  actionpack (4.1.0) lib/action_dispatch/middleware/request_id.rb:21:in `call'
  rack (1.5.2) lib/rack/methodoverride.rb:21:in `call'
  rack (1.5.2) lib/rack/runtime.rb:17:in `call'
  activesupport (4.1.0) lib/active_support/cache/strategy/local_cache_middleware.rb:26:in `call'
  rack (1.5.2) lib/rack/lock.rb:17:in `call'
  actionpack (4.1.0) lib/action_dispatch/middleware/static.rb:64:in `call'
  rack (1.5.2) lib/rack/sendfile.rb:112:in `call'
  railties (4.1.0) lib/rails/engine.rb:514:in `call'
  railties (4.1.0) lib/rails/application.rb:144:in `call'
  rack (1.5.2) lib/rack/content_length.rb:14:in `call'
  thin (1.6.2) lib/thin/connection.rb:86:in `block in pre_process'
  thin (1.6.2) lib/thin/connection.rb:84:in `catch'
  thin (1.6.2) lib/thin/connection.rb:84:in `pre_process'
  thin (1.6.2) lib/thin/connection.rb:53:in `process'
  thin (1.6.2) lib/thin/connection.rb:39:in `receive_data'
  eventmachine (1.0.3) lib/eventmachine.rb:187:in `run_machine'
  eventmachine (1.0.3) lib/eventmachine.rb:187:in `run'
  thin (1.6.2) lib/thin/backends/base.rb:73:in `start'
  thin (1.6.2) lib/thin/server.rb:162:in `start'
  rack (1.5.2) lib/rack/handler/thin.rb:16:in `run'
  rack (1.5.2) lib/rack/server.rb:264:in `start'
  railties (4.1.0) lib/rails/commands/server.rb:69:in `start'
  railties (4.1.0) lib/rails/commands/commands_tasks.rb:81:in `block in server'
  railties (4.1.0) lib/rails/commands/commands_tasks.rb:76:in `tap'
  railties (4.1.0) lib/rails/commands/commands_tasks.rb:76:in `server'
  railties (4.1.0) lib/rails/commands/commands_tasks.rb:40:in `run_command!'
  railties (4.1.0) lib/rails/commands.rb:17:in `<top (required)>'
  bin/rails:4:in `require'
  bin/rails:4:in `<main>'


  Rendered /usr/local/rvm/gems/ruby-2.1.1/gems/actionpack-4.1.0/lib/action_dispatch/middleware/templates/rescues/_source.erb (1.3ms)
  Rendered /usr/local/rvm/gems/ruby-2.1.1/gems/actionpack-4.1.0/lib/action_dispatch/middleware/templates/rescues/_trace.html.erb (2.4ms)
  Rendered /usr/local/rvm/gems/ruby-2.1.1/gems/actionpack-4.1.0/lib/action_dispatch/middleware/templates/rescues/_request_and_response.html.erb (2.4ms)
  Rendered /usr/local/rvm/gems/ruby-2.1.1/gems/actionpack-4.1.0/lib/action_dispatch/middleware/templates/rescues/diagnostics.erb within rescues/layout (32.0ms)


Started GET "/movies/124905" for 127.0.0.1 at 2014-05-18 23:49:40 +0200
Processing by MoviesController#show as HTML
  Parameters: {"id"=>"124905"}
  Rendered movies/show.html.erb within layouts/application (2.3ms)
Completed 500 Internal Server Error in 1549ms

SyntaxError (/home/leyas/Dokumenty/ruby/my_movies_123/app/views/movies/show.html.erb:102: syntax error, unexpected keyword_ensure, expecting keyword_end
/home/leyas/Dokumenty/ruby/my_movies_123/app/views/movies/show.html.erb:104: syntax error, unexpected end-of-input, expecting keyword_end):
  actionview (4.1.0) lib/action_view/template.rb:297:in `module_eval'
  actionview (4.1.0) lib/action_view/template.rb:297:in `compile'
  actionview (4.1.0) lib/action_view/template.rb:245:in `block (2 levels) in compile!'
  activesupport (4.1.0) lib/active_support/notifications.rb:161:in `instrument'
  actionview (4.1.0) lib/action_view/template.rb:339:in `instrument'
  actionview (4.1.0) lib/action_view/template.rb:244:in `block in compile!'
  actionview (4.1.0) lib/action_view/template.rb:232:in `synchronize'
  actionview (4.1.0) lib/action_view/template.rb:232:in `compile!'
  actionview (4.1.0) lib/action_view/template.rb:144:in `block in render'
  activesupport (4.1.0) lib/active_support/notifications.rb:161:in `instrument'
  actionview (4.1.0) lib/action_view/template.rb:339:in `instrument'
  actionview (4.1.0) lib/action_view/template.rb:143:in `render'
  actionview (4.1.0) lib/action_view/renderer/template_renderer.rb:55:in `block (2 levels) in render_template'
  actionview (4.1.0) lib/action_view/renderer/abstract_renderer.rb:38:in `block in instrument'
  activesupport (4.1.0) lib/active_support/notifications.rb:159:in `block in instrument'
  activesupport (4.1.0) lib/active_support/notifications/instrumenter.rb:20:in `instrument'
  activesupport (4.1.0) lib/active_support/notifications.rb:159:in `instrument'
  actionview (4.1.0) lib/action_view/renderer/abstract_renderer.rb:38:in `instrument'
  actionview (4.1.0) lib/action_view/renderer/template_renderer.rb:54:in `block in render_template'
  actionview (4.1.0) lib/action_view/renderer/template_renderer.rb:62:in `render_with_layout'
  actionview (4.1.0) lib/action_view/renderer/template_renderer.rb:53:in `render_template'
  actionview (4.1.0) lib/action_view/renderer/template_renderer.rb:17:in `render'
  actionview (4.1.0) lib/action_view/renderer/renderer.rb:42:in `render_template'
  actionview (4.1.0) lib/action_view/renderer/renderer.rb:23:in `render'
  actionview (4.1.0) lib/action_view/rendering.rb:99:in `_render_template'
  actionpack (4.1.0) lib/action_controller/metal/streaming.rb:217:in `_render_template'
  actionview (4.1.0) lib/action_view/rendering.rb:82:in `render_to_body'
  actionpack (4.1.0) lib/action_controller/metal/rendering.rb:32:in `render_to_body'
  actionpack (4.1.0) lib/action_controller/metal/renderers.rb:32:in `render_to_body'
  actionpack (4.1.0) lib/abstract_controller/rendering.rb:25:in `render'
  actionpack (4.1.0) lib/action_controller/metal/rendering.rb:16:in `render'
  actionpack (4.1.0) lib/action_controller/metal/instrumentation.rb:41:in `block (2 levels) in render'
  activesupport (4.1.0) lib/active_support/core_ext/benchmark.rb:12:in `block in ms'
  /usr/local/rvm/rubies/ruby-2.1.1/lib/ruby/2.1.0/benchmark.rb:294:in `realtime'
  activesupport (4.1.0) lib/active_support/core_ext/benchmark.rb:12:in `ms'
  actionpack (4.1.0) lib/action_controller/metal/instrumentation.rb:41:in `block in render'
  actionpack (4.1.0) lib/action_controller/metal/instrumentation.rb:84:in `cleanup_view_runtime'
  activerecord (4.1.0) lib/active_record/railties/controller_runtime.rb:25:in `cleanup_view_runtime'
  actionpack (4.1.0) lib/action_controller/metal/instrumentation.rb:40:in `render'
  actionpack (4.1.0) lib/action_controller/metal/implicit_render.rb:10:in `default_render'
  actionpack (4.1.0) lib/action_controller/metal/implicit_render.rb:5:in `send_action'
  actionpack (4.1.0) lib/abstract_controller/base.rb:189:in `process_action'
  actionpack (4.1.0) lib/action_controller/metal/rendering.rb:10:in `process_action'
  actionpack (4.1.0) lib/abstract_controller/callbacks.rb:20:in `block in process_action'
  activesupport (4.1.0) lib/active_support/callbacks.rb:113:in `call'
  activesupport (4.1.0) lib/active_support/callbacks.rb:113:in `call'
  activesupport (4.1.0) lib/active_support/callbacks.rb:166:in `block in halting'
  activesupport (4.1.0) lib/active_support/callbacks.rb:229:in `call'
  activesupport (4.1.0) lib/active_support/callbacks.rb:229:in `block in halting'
  activesupport (4.1.0) lib/active_support/callbacks.rb:229:in `call'
  activesupport (4.1.0) lib/active_support/callbacks.rb:229:in `block in halting'
  activesupport (4.1.0) lib/active_support/callbacks.rb:166:in `call'
  activesupport (4.1.0) lib/active_support/callbacks.rb:166:in `block in halting'
  activesupport (4.1.0) lib/active_support/callbacks.rb:166:in `call'
  activesupport (4.1.0) lib/active_support/callbacks.rb:166:in `block in halting'
  activesupport (4.1.0) lib/active_support/callbacks.rb:166:in `call'
  activesupport (4.1.0) lib/active_support/callbacks.rb:166:in `block in halting'
  activesupport (4.1.0) lib/active_support/callbacks.rb:86:in `call'
  activesupport (4.1.0) lib/active_support/callbacks.rb:86:in `run_callbacks'
  actionpack (4.1.0) lib/abstract_controller/callbacks.rb:19:in `process_action'
  actionpack (4.1.0) lib/action_controller/metal/rescue.rb:29:in `process_action'
  actionpack (4.1.0) lib/action_controller/metal/instrumentation.rb:31:in `block in process_action'
  activesupport (4.1.0) lib/active_support/notifications.rb:159:in `block in instrument'
  activesupport (4.1.0) lib/active_support/notifications/instrumenter.rb:20:in `instrument'
  activesupport (4.1.0) lib/active_support/notifications.rb:159:in `instrument'
  actionpack (4.1.0) lib/action_controller/metal/instrumentation.rb:30:in `process_action'
  actionpack (4.1.0) lib/action_controller/metal/params_wrapper.rb:250:in `process_action'
  activerecord (4.1.0) lib/active_record/railties/controller_runtime.rb:18:in `process_action'
  actionpack (4.1.0) lib/abstract_controller/base.rb:136:in `process'
  actionview (4.1.0) lib/action_view/rendering.rb:30:in `process'
  actionpack (4.1.0) lib/action_controller/metal.rb:195:in `dispatch'
  actionpack (4.1.0) lib/action_controller/metal/rack_delegation.rb:13:in `dispatch'
  actionpack (4.1.0) lib/action_controller/metal.rb:231:in `block in action'
  actionpack (4.1.0) lib/action_dispatch/routing/route_set.rb:80:in `call'
  actionpack (4.1.0) lib/action_dispatch/routing/route_set.rb:80:in `dispatch'
  actionpack (4.1.0) lib/action_dispatch/routing/route_set.rb:48:in `call'
  actionpack (4.1.0) lib/action_dispatch/journey/router.rb:71:in `block in call'
  actionpack (4.1.0) lib/action_dispatch/journey/router.rb:59:in `each'
  actionpack (4.1.0) lib/action_dispatch/journey/router.rb:59:in `call'
  actionpack (4.1.0) lib/action_dispatch/routing/route_set.rb:676:in `call'
  rack (1.5.2) lib/rack/etag.rb:23:in `call'
  rack (1.5.2) lib/rack/conditionalget.rb:25:in `call'
  rack (1.5.2) lib/rack/head.rb:11:in `call'
  actionpack (4.1.0) lib/action_dispatch/middleware/params_parser.rb:27:in `call'
  actionpack (4.1.0) lib/action_dispatch/middleware/flash.rb:254:in `call'
  rack (1.5.2) lib/rack/session/abstract/id.rb:225:in `context'
  rack (1.5.2) lib/rack/session/abstract/id.rb:220:in `call'
  actionpack (4.1.0) lib/action_dispatch/middleware/cookies.rb:560:in `call'
  activerecord (4.1.0) lib/active_record/query_cache.rb:36:in `call'
  activerecord (4.1.0) lib/active_record/connection_adapters/abstract/connection_pool.rb:621:in `call'
  activerecord (4.1.0) lib/active_record/migration.rb:380:in `call'
  actionpack (4.1.0) lib/action_dispatch/middleware/callbacks.rb:29:in `block in call'
  activesupport (4.1.0) lib/active_support/callbacks.rb:82:in `run_callbacks'
  actionpack (4.1.0) lib/action_dispatch/middleware/callbacks.rb:27:in `call'
  actionpack (4.1.0) lib/action_dispatch/middleware/reloader.rb:73:in `call'
  actionpack (4.1.0) lib/action_dispatch/middleware/remote_ip.rb:76:in `call'
  actionpack (4.1.0) lib/action_dispatch/middleware/debug_exceptions.rb:17:in `call'
  actionpack (4.1.0) lib/action_dispatch/middleware/show_exceptions.rb:30:in `call'
  railties (4.1.0) lib/rails/rack/logger.rb:38:in `call_app'
  railties (4.1.0) lib/rails/rack/logger.rb:20:in `block in call'
  activesupport (4.1.0) lib/active_support/tagged_logging.rb:68:in `block in tagged'
  activesupport (4.1.0) lib/active_support/tagged_logging.rb:26:in `tagged'
  activesupport (4.1.0) lib/active_support/tagged_logging.rb:68:in `tagged'
  railties (4.1.0) lib/rails/rack/logger.rb:20:in `call'
  quiet_assets (1.0.2) lib/quiet_assets.rb:18:in `call_with_quiet_assets'
  actionpack (4.1.0) lib/action_dispatch/middleware/request_id.rb:21:in `call'
  rack (1.5.2) lib/rack/methodoverride.rb:21:in `call'
  rack (1.5.2) lib/rack/runtime.rb:17:in `call'
  activesupport (4.1.0) lib/active_support/cache/strategy/local_cache_middleware.rb:26:in `call'
  rack (1.5.2) lib/rack/lock.rb:17:in `call'
  actionpack (4.1.0) lib/action_dispatch/middleware/static.rb:64:in `call'
  rack (1.5.2) lib/rack/sendfile.rb:112:in `call'
  railties (4.1.0) lib/rails/engine.rb:514:in `call'
  railties (4.1.0) lib/rails/application.rb:144:in `call'
  rack (1.5.2) lib/rack/content_length.rb:14:in `call'
  thin (1.6.2) lib/thin/connection.rb:86:in `block in pre_process'
  thin (1.6.2) lib/thin/connection.rb:84:in `catch'
  thin (1.6.2) lib/thin/connection.rb:84:in `pre_process'
  thin (1.6.2) lib/thin/connection.rb:53:in `process'
  thin (1.6.2) lib/thin/connection.rb:39:in `receive_data'
  eventmachine (1.0.3) lib/eventmachine.rb:187:in `run_machine'
  eventmachine (1.0.3) lib/eventmachine.rb:187:in `run'
  thin (1.6.2) lib/thin/backends/base.rb:73:in `start'
  thin (1.6.2) lib/thin/server.rb:162:in `start'
  rack (1.5.2) lib/rack/handler/thin.rb:16:in `run'
  rack (1.5.2) lib/rack/server.rb:264:in `start'
  railties (4.1.0) lib/rails/commands/server.rb:69:in `start'
  railties (4.1.0) lib/rails/commands/commands_tasks.rb:81:in `block in server'
  railties (4.1.0) lib/rails/commands/commands_tasks.rb:76:in `tap'
  railties (4.1.0) lib/rails/commands/commands_tasks.rb:76:in `server'
  railties (4.1.0) lib/rails/commands/commands_tasks.rb:40:in `run_command!'
  railties (4.1.0) lib/rails/commands.rb:17:in `<top (required)>'
  bin/rails:4:in `require'
  bin/rails:4:in `<main>'


  Rendered /usr/local/rvm/gems/ruby-2.1.1/gems/actionpack-4.1.0/lib/action_dispatch/middleware/templates/rescues/_source.erb (4.9ms)
  Rendered /usr/local/rvm/gems/ruby-2.1.1/gems/actionpack-4.1.0/lib/action_dispatch/middleware/templates/rescues/_trace.html.erb (2.0ms)
  Rendered /usr/local/rvm/gems/ruby-2.1.1/gems/actionpack-4.1.0/lib/action_dispatch/middleware/templates/rescues/_request_and_response.html.erb (1.7ms)
  Rendered /usr/local/rvm/gems/ruby-2.1.1/gems/actionpack-4.1.0/lib/action_dispatch/middleware/templates/rescues/diagnostics.erb within rescues/layout (40.1ms)


Started GET "/" for 127.0.0.1 at 2014-05-18 23:49:45 +0200
Processing by HomeController#index as HTML
  Rendered home/index.html.erb within layouts/application (2866.9ms)
Completed 200 OK in 3226ms (Views: 2937.6ms | ActiveRecord: 0.0ms)


Started GET "/movies/124905" for 127.0.0.1 at 2014-05-18 23:49:50 +0200
Processing by MoviesController#show as HTML
  Parameters: {"id"=>"124905"}
  Rendered movies/show.html.erb within layouts/application (1.9ms)
Completed 500 Internal Server Error in 1457ms

SyntaxError (/home/leyas/Dokumenty/ruby/my_movies_123/app/views/movies/show.html.erb:102: syntax error, unexpected keyword_ensure, expecting keyword_end
/home/leyas/Dokumenty/ruby/my_movies_123/app/views/movies/show.html.erb:104: syntax error, unexpected end-of-input, expecting keyword_end):
  actionview (4.1.0) lib/action_view/template.rb:297:in `module_eval'
  actionview (4.1.0) lib/action_view/template.rb:297:in `compile'
  actionview (4.1.0) lib/action_view/template.rb:245:in `block (2 levels) in compile!'
  activesupport (4.1.0) lib/active_support/notifications.rb:161:in `instrument'
  actionview (4.1.0) lib/action_view/template.rb:339:in `instrument'
  actionview (4.1.0) lib/action_view/template.rb:244:in `block in compile!'
  actionview (4.1.0) lib/action_view/template.rb:232:in `synchronize'
  actionview (4.1.0) lib/action_view/template.rb:232:in `compile!'
  actionview (4.1.0) lib/action_view/template.rb:144:in `block in render'
  activesupport (4.1.0) lib/active_support/notifications.rb:161:in `instrument'
  actionview (4.1.0) lib/action_view/template.rb:339:in `instrument'
  actionview (4.1.0) lib/action_view/template.rb:143:in `render'
  actionview (4.1.0) lib/action_view/renderer/template_renderer.rb:55:in `block (2 levels) in render_template'
  actionview (4.1.0) lib/action_view/renderer/abstract_renderer.rb:38:in `block in instrument'
  activesupport (4.1.0) lib/active_support/notifications.rb:159:in `block in instrument'
  activesupport (4.1.0) lib/active_support/notifications/instrumenter.rb:20:in `instrument'
  activesupport (4.1.0) lib/active_support/notifications.rb:159:in `instrument'
  actionview (4.1.0) lib/action_view/renderer/abstract_renderer.rb:38:in `instrument'
  actionview (4.1.0) lib/action_view/renderer/template_renderer.rb:54:in `block in render_template'
  actionview (4.1.0) lib/action_view/renderer/template_renderer.rb:62:in `render_with_layout'
  actionview (4.1.0) lib/action_view/renderer/template_renderer.rb:53:in `render_template'
  actionview (4.1.0) lib/action_view/renderer/template_renderer.rb:17:in `render'
  actionview (4.1.0) lib/action_view/renderer/renderer.rb:42:in `render_template'
  actionview (4.1.0) lib/action_view/renderer/renderer.rb:23:in `render'
  actionview (4.1.0) lib/action_view/rendering.rb:99:in `_render_template'
  actionpack (4.1.0) lib/action_controller/metal/streaming.rb:217:in `_render_template'
  actionview (4.1.0) lib/action_view/rendering.rb:82:in `render_to_body'
  actionpack (4.1.0) lib/action_controller/metal/rendering.rb:32:in `render_to_body'
  actionpack (4.1.0) lib/action_controller/metal/renderers.rb:32:in `render_to_body'
  actionpack (4.1.0) lib/abstract_controller/rendering.rb:25:in `render'
  actionpack (4.1.0) lib/action_controller/metal/rendering.rb:16:in `render'
  actionpack (4.1.0) lib/action_controller/metal/instrumentation.rb:41:in `block (2 levels) in render'
  activesupport (4.1.0) lib/active_support/core_ext/benchmark.rb:12:in `block in ms'
  /usr/local/rvm/rubies/ruby-2.1.1/lib/ruby/2.1.0/benchmark.rb:294:in `realtime'
  activesupport (4.1.0) lib/active_support/core_ext/benchmark.rb:12:in `ms'
  actionpack (4.1.0) lib/action_controller/metal/instrumentation.rb:41:in `block in render'
  actionpack (4.1.0) lib/action_controller/metal/instrumentation.rb:84:in `cleanup_view_runtime'
  activerecord (4.1.0) lib/active_record/railties/controller_runtime.rb:25:in `cleanup_view_runtime'
  actionpack (4.1.0) lib/action_controller/metal/instrumentation.rb:40:in `render'
  actionpack (4.1.0) lib/action_controller/metal/implicit_render.rb:10:in `default_render'
  actionpack (4.1.0) lib/action_controller/metal/implicit_render.rb:5:in `send_action'
  actionpack (4.1.0) lib/abstract_controller/base.rb:189:in `process_action'
  actionpack (4.1.0) lib/action_controller/metal/rendering.rb:10:in `process_action'
  actionpack (4.1.0) lib/abstract_controller/callbacks.rb:20:in `block in process_action'
  activesupport (4.1.0) lib/active_support/callbacks.rb:113:in `call'
  activesupport (4.1.0) lib/active_support/callbacks.rb:113:in `call'
  activesupport (4.1.0) lib/active_support/callbacks.rb:166:in `block in halting'
  activesupport (4.1.0) lib/active_support/callbacks.rb:229:in `call'
  activesupport (4.1.0) lib/active_support/callbacks.rb:229:in `block in halting'
  activesupport (4.1.0) lib/active_support/callbacks.rb:229:in `call'
  activesupport (4.1.0) lib/active_support/callbacks.rb:229:in `block in halting'
  activesupport (4.1.0) lib/active_support/callbacks.rb:166:in `call'
  activesupport (4.1.0) lib/active_support/callbacks.rb:166:in `block in halting'
  activesupport (4.1.0) lib/active_support/callbacks.rb:166:in `call'
  activesupport (4.1.0) lib/active_support/callbacks.rb:166:in `block in halting'
  activesupport (4.1.0) lib/active_support/callbacks.rb:166:in `call'
  activesupport (4.1.0) lib/active_support/callbacks.rb:166:in `block in halting'
  activesupport (4.1.0) lib/active_support/callbacks.rb:86:in `call'
  activesupport (4.1.0) lib/active_support/callbacks.rb:86:in `run_callbacks'
  actionpack (4.1.0) lib/abstract_controller/callbacks.rb:19:in `process_action'
  actionpack (4.1.0) lib/action_controller/metal/rescue.rb:29:in `process_action'
  actionpack (4.1.0) lib/action_controller/metal/instrumentation.rb:31:in `block in process_action'
  activesupport (4.1.0) lib/active_support/notifications.rb:159:in `block in instrument'
  activesupport (4.1.0) lib/active_support/notifications/instrumenter.rb:20:in `instrument'
  activesupport (4.1.0) lib/active_support/notifications.rb:159:in `instrument'
  actionpack (4.1.0) lib/action_controller/metal/instrumentation.rb:30:in `process_action'
  actionpack (4.1.0) lib/action_controller/metal/params_wrapper.rb:250:in `process_action'
  activerecord (4.1.0) lib/active_record/railties/controller_runtime.rb:18:in `process_action'
  actionpack (4.1.0) lib/abstract_controller/base.rb:136:in `process'
  actionview (4.1.0) lib/action_view/rendering.rb:30:in `process'
  actionpack (4.1.0) lib/action_controller/metal.rb:195:in `dispatch'
  actionpack (4.1.0) lib/action_controller/metal/rack_delegation.rb:13:in `dispatch'
  actionpack (4.1.0) lib/action_controller/metal.rb:231:in `block in action'
  actionpack (4.1.0) lib/action_dispatch/routing/route_set.rb:80:in `call'
  actionpack (4.1.0) lib/action_dispatch/routing/route_set.rb:80:in `dispatch'
  actionpack (4.1.0) lib/action_dispatch/routing/route_set.rb:48:in `call'
  actionpack (4.1.0) lib/action_dispatch/journey/router.rb:71:in `block in call'
  actionpack (4.1.0) lib/action_dispatch/journey/router.rb:59:in `each'
  actionpack (4.1.0) lib/action_dispatch/journey/router.rb:59:in `call'
  actionpack (4.1.0) lib/action_dispatch/routing/route_set.rb:676:in `call'
  rack (1.5.2) lib/rack/etag.rb:23:in `call'
  rack (1.5.2) lib/rack/conditionalget.rb:25:in `call'
  rack (1.5.2) lib/rack/head.rb:11:in `call'
  actionpack (4.1.0) lib/action_dispatch/middleware/params_parser.rb:27:in `call'
  actionpack (4.1.0) lib/action_dispatch/middleware/flash.rb:254:in `call'
  rack (1.5.2) lib/rack/session/abstract/id.rb:225:in `context'
  rack (1.5.2) lib/rack/session/abstract/id.rb:220:in `call'
  actionpack (4.1.0) lib/action_dispatch/middleware/cookies.rb:560:in `call'
  activerecord (4.1.0) lib/active_record/query_cache.rb:36:in `call'
  activerecord (4.1.0) lib/active_record/connection_adapters/abstract/connection_pool.rb:621:in `call'
  activerecord (4.1.0) lib/active_record/migration.rb:380:in `call'
  actionpack (4.1.0) lib/action_dispatch/middleware/callbacks.rb:29:in `block in call'
  activesupport (4.1.0) lib/active_support/callbacks.rb:82:in `run_callbacks'
  actionpack (4.1.0) lib/action_dispatch/middleware/callbacks.rb:27:in `call'
  actionpack (4.1.0) lib/action_dispatch/middleware/reloader.rb:73:in `call'
  actionpack (4.1.0) lib/action_dispatch/middleware/remote_ip.rb:76:in `call'
  actionpack (4.1.0) lib/action_dispatch/middleware/debug_exceptions.rb:17:in `call'
  actionpack (4.1.0) lib/action_dispatch/middleware/show_exceptions.rb:30:in `call'
  railties (4.1.0) lib/rails/rack/logger.rb:38:in `call_app'
  railties (4.1.0) lib/rails/rack/logger.rb:20:in `block in call'
  activesupport (4.1.0) lib/active_support/tagged_logging.rb:68:in `block in tagged'
  activesupport (4.1.0) lib/active_support/tagged_logging.rb:26:in `tagged'
  activesupport (4.1.0) lib/active_support/tagged_logging.rb:68:in `tagged'
  railties (4.1.0) lib/rails/rack/logger.rb:20:in `call'
  quiet_assets (1.0.2) lib/quiet_assets.rb:18:in `call_with_quiet_assets'
  actionpack (4.1.0) lib/action_dispatch/middleware/request_id.rb:21:in `call'
  rack (1.5.2) lib/rack/methodoverride.rb:21:in `call'
  rack (1.5.2) lib/rack/runtime.rb:17:in `call'
  activesupport (4.1.0) lib/active_support/cache/strategy/local_cache_middleware.rb:26:in `call'
  rack (1.5.2) lib/rack/lock.rb:17:in `call'
  actionpack (4.1.0) lib/action_dispatch/middleware/static.rb:64:in `call'
  rack (1.5.2) lib/rack/sendfile.rb:112:in `call'
  railties (4.1.0) lib/rails/engine.rb:514:in `call'
  railties (4.1.0) lib/rails/application.rb:144:in `call'
  rack (1.5.2) lib/rack/content_length.rb:14:in `call'
  thin (1.6.2) lib/thin/connection.rb:86:in `block in pre_process'
  thin (1.6.2) lib/thin/connection.rb:84:in `catch'
  thin (1.6.2) lib/thin/connection.rb:84:in `pre_process'
  thin (1.6.2) lib/thin/connection.rb:53:in `process'
  thin (1.6.2) lib/thin/connection.rb:39:in `receive_data'
  eventmachine (1.0.3) lib/eventmachine.rb:187:in `run_machine'
  eventmachine (1.0.3) lib/eventmachine.rb:187:in `run'
  thin (1.6.2) lib/thin/backends/base.rb:73:in `start'
  thin (1.6.2) lib/thin/server.rb:162:in `start'
  rack (1.5.2) lib/rack/handler/thin.rb:16:in `run'
  rack (1.5.2) lib/rack/server.rb:264:in `start'
  railties (4.1.0) lib/rails/commands/server.rb:69:in `start'
  railties (4.1.0) lib/rails/commands/commands_tasks.rb:81:in `block in server'
  railties (4.1.0) lib/rails/commands/commands_tasks.rb:76:in `tap'
  railties (4.1.0) lib/rails/commands/commands_tasks.rb:76:in `server'
  railties (4.1.0) lib/rails/commands/commands_tasks.rb:40:in `run_command!'
  railties (4.1.0) lib/rails/commands.rb:17:in `<top (required)>'
  bin/rails:4:in `require'
  bin/rails:4:in `<main>'


  Rendered /usr/local/rvm/gems/ruby-2.1.1/gems/actionpack-4.1.0/lib/action_dispatch/middleware/templates/rescues/_source.erb (6.9ms)
  Rendered /usr/local/rvm/gems/ruby-2.1.1/gems/actionpack-4.1.0/lib/action_dispatch/middleware/templates/rescues/_trace.html.erb (2.7ms)
  Rendered /usr/local/rvm/gems/ruby-2.1.1/gems/actionpack-4.1.0/lib/action_dispatch/middleware/templates/rescues/_request_and_response.html.erb (3.1ms)
  Rendered /usr/local/rvm/gems/ruby-2.1.1/gems/actionpack-4.1.0/lib/action_dispatch/middleware/templates/rescues/diagnostics.erb within rescues/layout (35.0ms)


Started GET "/movies/124905" for 127.0.0.1 at 2014-05-18 23:49:52 +0200
Processing by MoviesController#show as HTML
  Parameters: {"id"=>"124905"}
  Rendered movies/show.html.erb within layouts/application (1.9ms)
Completed 500 Internal Server Error in 1507ms

SyntaxError (/home/leyas/Dokumenty/ruby/my_movies_123/app/views/movies/show.html.erb:102: syntax error, unexpected keyword_ensure, expecting keyword_end
/home/leyas/Dokumenty/ruby/my_movies_123/app/views/movies/show.html.erb:104: syntax error, unexpected end-of-input, expecting keyword_end):
  actionview (4.1.0) lib/action_view/template.rb:297:in `module_eval'
  actionview (4.1.0) lib/action_view/template.rb:297:in `compile'
  actionview (4.1.0) lib/action_view/template.rb:245:in `block (2 levels) in compile!'
  activesupport (4.1.0) lib/active_support/notifications.rb:161:in `instrument'
  actionview (4.1.0) lib/action_view/template.rb:339:in `instrument'
  actionview (4.1.0) lib/action_view/template.rb:244:in `block in compile!'
  actionview (4.1.0) lib/action_view/template.rb:232:in `synchronize'
  actionview (4.1.0) lib/action_view/template.rb:232:in `compile!'
  actionview (4.1.0) lib/action_view/template.rb:144:in `block in render'
  activesupport (4.1.0) lib/active_support/notifications.rb:161:in `instrument'
  actionview (4.1.0) lib/action_view/template.rb:339:in `instrument'
  actionview (4.1.0) lib/action_view/template.rb:143:in `render'
  actionview (4.1.0) lib/action_view/renderer/template_renderer.rb:55:in `block (2 levels) in render_template'
  actionview (4.1.0) lib/action_view/renderer/abstract_renderer.rb:38:in `block in instrument'
  activesupport (4.1.0) lib/active_support/notifications.rb:159:in `block in instrument'
  activesupport (4.1.0) lib/active_support/notifications/instrumenter.rb:20:in `instrument'
  activesupport (4.1.0) lib/active_support/notifications.rb:159:in `instrument'
  actionview (4.1.0) lib/action_view/renderer/abstract_renderer.rb:38:in `instrument'
  actionview (4.1.0) lib/action_view/renderer/template_renderer.rb:54:in `block in render_template'
  actionview (4.1.0) lib/action_view/renderer/template_renderer.rb:62:in `render_with_layout'
  actionview (4.1.0) lib/action_view/renderer/template_renderer.rb:53:in `render_template'
  actionview (4.1.0) lib/action_view/renderer/template_renderer.rb:17:in `render'
  actionview (4.1.0) lib/action_view/renderer/renderer.rb:42:in `render_template'
  actionview (4.1.0) lib/action_view/renderer/renderer.rb:23:in `render'
  actionview (4.1.0) lib/action_view/rendering.rb:99:in `_render_template'
  actionpack (4.1.0) lib/action_controller/metal/streaming.rb:217:in `_render_template'
  actionview (4.1.0) lib/action_view/rendering.rb:82:in `render_to_body'
  actionpack (4.1.0) lib/action_controller/metal/rendering.rb:32:in `render_to_body'
  actionpack (4.1.0) lib/action_controller/metal/renderers.rb:32:in `render_to_body'
  actionpack (4.1.0) lib/abstract_controller/rendering.rb:25:in `render'
  actionpack (4.1.0) lib/action_controller/metal/rendering.rb:16:in `render'
  actionpack (4.1.0) lib/action_controller/metal/instrumentation.rb:41:in `block (2 levels) in render'
  activesupport (4.1.0) lib/active_support/core_ext/benchmark.rb:12:in `block in ms'
  /usr/local/rvm/rubies/ruby-2.1.1/lib/ruby/2.1.0/benchmark.rb:294:in `realtime'
  activesupport (4.1.0) lib/active_support/core_ext/benchmark.rb:12:in `ms'
  actionpack (4.1.0) lib/action_controller/metal/instrumentation.rb:41:in `block in render'
  actionpack (4.1.0) lib/action_controller/metal/instrumentation.rb:84:in `cleanup_view_runtime'
  activerecord (4.1.0) lib/active_record/railties/controller_runtime.rb:25:in `cleanup_view_runtime'
  actionpack (4.1.0) lib/action_controller/metal/instrumentation.rb:40:in `render'
  actionpack (4.1.0) lib/action_controller/metal/implicit_render.rb:10:in `default_render'
  actionpack (4.1.0) lib/action_controller/metal/implicit_render.rb:5:in `send_action'
  actionpack (4.1.0) lib/abstract_controller/base.rb:189:in `process_action'
  actionpack (4.1.0) lib/action_controller/metal/rendering.rb:10:in `process_action'
  actionpack (4.1.0) lib/abstract_controller/callbacks.rb:20:in `block in process_action'
  activesupport (4.1.0) lib/active_support/callbacks.rb:113:in `call'
  activesupport (4.1.0) lib/active_support/callbacks.rb:113:in `call'
  activesupport (4.1.0) lib/active_support/callbacks.rb:166:in `block in halting'
  activesupport (4.1.0) lib/active_support/callbacks.rb:229:in `call'
  activesupport (4.1.0) lib/active_support/callbacks.rb:229:in `block in halting'
  activesupport (4.1.0) lib/active_support/callbacks.rb:229:in `call'
  activesupport (4.1.0) lib/active_support/callbacks.rb:229:in `block in halting'
  activesupport (4.1.0) lib/active_support/callbacks.rb:166:in `call'
  activesupport (4.1.0) lib/active_support/callbacks.rb:166:in `block in halting'
  activesupport (4.1.0) lib/active_support/callbacks.rb:166:in `call'
  activesupport (4.1.0) lib/active_support/callbacks.rb:166:in `block in halting'
  activesupport (4.1.0) lib/active_support/callbacks.rb:166:in `call'
  activesupport (4.1.0) lib/active_support/callbacks.rb:166:in `block in halting'
  activesupport (4.1.0) lib/active_support/callbacks.rb:86:in `call'
  activesupport (4.1.0) lib/active_support/callbacks.rb:86:in `run_callbacks'
  actionpack (4.1.0) lib/abstract_controller/callbacks.rb:19:in `process_action'
  actionpack (4.1.0) lib/action_controller/metal/rescue.rb:29:in `process_action'
  actionpack (4.1.0) lib/action_controller/metal/instrumentation.rb:31:in `block in process_action'
  activesupport (4.1.0) lib/active_support/notifications.rb:159:in `block in instrument'
  activesupport (4.1.0) lib/active_support/notifications/instrumenter.rb:20:in `instrument'
  activesupport (4.1.0) lib/active_support/notifications.rb:159:in `instrument'
  actionpack (4.1.0) lib/action_controller/metal/instrumentation.rb:30:in `process_action'
  actionpack (4.1.0) lib/action_controller/metal/params_wrapper.rb:250:in `process_action'
  activerecord (4.1.0) lib/active_record/railties/controller_runtime.rb:18:in `process_action'
  actionpack (4.1.0) lib/abstract_controller/base.rb:136:in `process'
  actionview (4.1.0) lib/action_view/rendering.rb:30:in `process'
  actionpack (4.1.0) lib/action_controller/metal.rb:195:in `dispatch'
  actionpack (4.1.0) lib/action_controller/metal/rack_delegation.rb:13:in `dispatch'
  actionpack (4.1.0) lib/action_controller/metal.rb:231:in `block in action'
  actionpack (4.1.0) lib/action_dispatch/routing/route_set.rb:80:in `call'
  actionpack (4.1.0) lib/action_dispatch/routing/route_set.rb:80:in `dispatch'
  actionpack (4.1.0) lib/action_dispatch/routing/route_set.rb:48:in `call'
  actionpack (4.1.0) lib/action_dispatch/journey/router.rb:71:in `block in call'
  actionpack (4.1.0) lib/action_dispatch/journey/router.rb:59:in `each'
  actionpack (4.1.0) lib/action_dispatch/journey/router.rb:59:in `call'
  actionpack (4.1.0) lib/action_dispatch/routing/route_set.rb:676:in `call'
  rack (1.5.2) lib/rack/etag.rb:23:in `call'
  rack (1.5.2) lib/rack/conditionalget.rb:25:in `call'
  rack (1.5.2) lib/rack/head.rb:11:in `call'
  actionpack (4.1.0) lib/action_dispatch/middleware/params_parser.rb:27:in `call'
  actionpack (4.1.0) lib/action_dispatch/middleware/flash.rb:254:in `call'
  rack (1.5.2) lib/rack/session/abstract/id.rb:225:in `context'
  rack (1.5.2) lib/rack/session/abstract/id.rb:220:in `call'
  actionpack (4.1.0) lib/action_dispatch/middleware/cookies.rb:560:in `call'
  activerecord (4.1.0) lib/active_record/query_cache.rb:36:in `call'
  activerecord (4.1.0) lib/active_record/connection_adapters/abstract/connection_pool.rb:621:in `call'
  activerecord (4.1.0) lib/active_record/migration.rb:380:in `call'
  actionpack (4.1.0) lib/action_dispatch/middleware/callbacks.rb:29:in `block in call'
  activesupport (4.1.0) lib/active_support/callbacks.rb:82:in `run_callbacks'
  actionpack (4.1.0) lib/action_dispatch/middleware/callbacks.rb:27:in `call'
  actionpack (4.1.0) lib/action_dispatch/middleware/reloader.rb:73:in `call'
  actionpack (4.1.0) lib/action_dispatch/middleware/remote_ip.rb:76:in `call'
  actionpack (4.1.0) lib/action_dispatch/middleware/debug_exceptions.rb:17:in `call'
  actionpack (4.1.0) lib/action_dispatch/middleware/show_exceptions.rb:30:in `call'
  railties (4.1.0) lib/rails/rack/logger.rb:38:in `call_app'
  railties (4.1.0) lib/rails/rack/logger.rb:20:in `block in call'
  activesupport (4.1.0) lib/active_support/tagged_logging.rb:68:in `block in tagged'
  activesupport (4.1.0) lib/active_support/tagged_logging.rb:26:in `tagged'
  activesupport (4.1.0) lib/active_support/tagged_logging.rb:68:in `tagged'
  railties (4.1.0) lib/rails/rack/logger.rb:20:in `call'
  quiet_assets (1.0.2) lib/quiet_assets.rb:18:in `call_with_quiet_assets'
  actionpack (4.1.0) lib/action_dispatch/middleware/request_id.rb:21:in `call'
  rack (1.5.2) lib/rack/methodoverride.rb:21:in `call'
  rack (1.5.2) lib/rack/runtime.rb:17:in `call'
  activesupport (4.1.0) lib/active_support/cache/strategy/local_cache_middleware.rb:26:in `call'
  rack (1.5.2) lib/rack/lock.rb:17:in `call'
  actionpack (4.1.0) lib/action_dispatch/middleware/static.rb:64:in `call'
  rack (1.5.2) lib/rack/sendfile.rb:112:in `call'
  railties (4.1.0) lib/rails/engine.rb:514:in `call'
  railties (4.1.0) lib/rails/application.rb:144:in `call'
  rack (1.5.2) lib/rack/content_length.rb:14:in `call'
  thin (1.6.2) lib/thin/connection.rb:86:in `block in pre_process'
  thin (1.6.2) lib/thin/connection.rb:84:in `catch'
  thin (1.6.2) lib/thin/connection.rb:84:in `pre_process'
  thin (1.6.2) lib/thin/connection.rb:53:in `process'
  thin (1.6.2) lib/thin/connection.rb:39:in `receive_data'
  eventmachine (1.0.3) lib/eventmachine.rb:187:in `run_machine'
  eventmachine (1.0.3) lib/eventmachine.rb:187:in `run'
  thin (1.6.2) lib/thin/backends/base.rb:73:in `start'
  thin (1.6.2) lib/thin/server.rb:162:in `start'
  rack (1.5.2) lib/rack/handler/thin.rb:16:in `run'
  rack (1.5.2) lib/rack/server.rb:264:in `start'
  railties (4.1.0) lib/rails/commands/server.rb:69:in `start'
  railties (4.1.0) lib/rails/commands/commands_tasks.rb:81:in `block in server'
  railties (4.1.0) lib/rails/commands/commands_tasks.rb:76:in `tap'
  railties (4.1.0) lib/rails/commands/commands_tasks.rb:76:in `server'
  railties (4.1.0) lib/rails/commands/commands_tasks.rb:40:in `run_command!'
  railties (4.1.0) lib/rails/commands.rb:17:in `<top (required)>'
  bin/rails:4:in `require'
  bin/rails:4:in `<main>'


  Rendered /usr/local/rvm/gems/ruby-2.1.1/gems/actionpack-4.1.0/lib/action_dispatch/middleware/templates/rescues/_source.erb (1.0ms)
  Rendered /usr/local/rvm/gems/ruby-2.1.1/gems/actionpack-4.1.0/lib/action_dispatch/middleware/templates/rescues/_trace.html.erb (9.3ms)
  Rendered /usr/local/rvm/gems/ruby-2.1.1/gems/actionpack-4.1.0/lib/action_dispatch/middleware/templates/rescues/_request_and_response.html.erb (1.4ms)
  Rendered /usr/local/rvm/gems/ruby-2.1.1/gems/actionpack-4.1.0/lib/action_dispatch/middleware/templates/rescues/diagnostics.erb within rescues/layout (32.2ms)


Started GET "/" for 127.0.0.1 at 2014-05-19 00:12:26 +0200
Processing by HomeController#index as HTML
  Rendered home/index.html.erb within layouts/application (2886.9ms)
Completed 200 OK in 3223ms (Views: 2892.7ms | ActiveRecord: 0.0ms)


Started GET "/search?utf8=%E2%9C%93&query=batman" for 127.0.0.1 at 2014-05-19 00:12:34 +0200
Processing by SearchController#index as HTML
  Parameters: {"utf8"=>"✓", "query"=>"batman"}
  Rendered search/index.html.erb within layouts/application (16160.3ms)
Completed 200 OK in 16466ms (Views: 16175.7ms | ActiveRecord: 0.0ms)


Started GET "/movies/268321" for 127.0.0.1 at 2014-05-19 00:21:16 +0200
Processing by MoviesController#show as HTML
  Parameters: {"id"=>"268321"}
  Rendered movies/show.html.erb within layouts/application (4897.4ms)
Completed 200 OK in 6398ms (Views: 4905.1ms | ActiveRecord: 0.0ms)


Started GET "/" for 127.0.0.1 at 2014-05-19 14:14:03 +0200
Processing by HomeController#index as HTML
  Rendered home/index.html.erb within layouts/application (4156.2ms)
Completed 200 OK in 4850ms (Views: 4497.6ms | ActiveRecord: 0.0ms)


Started GET "/movies/124905" for 127.0.0.1 at 2014-05-19 14:14:10 +0200
Processing by MoviesController#show as HTML
  Parameters: {"id"=>"124905"}
  Rendered movies/show.html.erb within layouts/application (8030.8ms)
Completed 200 OK in 9540ms (Views: 8069.9ms | ActiveRecord: 0.0ms)
